[2015.07.23-19.29.28:158][  0]Log file open, 07/23/15 12:29:28
[2015.07.23-19.29.28:158][  0]LogInit:Display: Running engine for game: TempleGenesis
[2015.07.23-19.29.28:158][  0]LogInit:Display: RandInit(483931008) SRandInit(483931008).
[2015.07.23-19.29.28:159][  0]LogTaskGraph: Started task graph with 4 named threads and 5 total threads.
[2015.07.23-19.29.28:159][  0]LogStats: Stats thread started
[2015.07.23-19.29.28:159][  0]LogInit: Version: 4.8.1-2591939+++depot+UE4-Releases+4.8
[2015.07.23-19.29.28:159][  0]LogInit: API Version: 2579680
[2015.07.23-19.29.28:159][  0]LogInit: Compiled (64-bit): Jun 18 2015 11:02:04
[2015.07.23-19.29.28:159][  0]LogInit: Compiled with Visual C++: 18.00.21005.01
[2015.07.23-19.29.28:159][  0]LogInit: Build Configuration: Development
[2015.07.23-19.29.28:159][  0]LogInit: Branch Name: ++depot+UE4-Releases+4.8
[2015.07.23-19.29.28:159][  0]LogInit: Command line: 
[2015.07.23-19.29.28:159][  0]LogInit: Base directory: C:/Program Files/Epic Games/4.8/Engine/Binaries/Win64/
[2015.07.23-19.29.28:159][  0]LogInit: Rocket: 1
[2015.07.23-19.29.28:197][  0]LogInit: Using libcurl 7.41.0
[2015.07.23-19.29.28:197][  0]LogInit:  - built for x86_64-pc-win32
[2015.07.23-19.29.28:197][  0]LogInit:  - supports SSL with WinSSL
[2015.07.23-19.29.28:197][  0]LogInit:  - other features:
[2015.07.23-19.29.28:197][  0]LogInit:      CURL_VERSION_SSL
[2015.07.23-19.29.28:197][  0]LogInit:      CURL_VERSION_IPV6
[2015.07.23-19.29.28:197][  0]LogInit:      CURL_VERSION_ASYNCHDNS
[2015.07.23-19.29.28:197][  0]LogInit:      CURL_VERSION_LARGEFILE
[2015.07.23-19.29.28:197][  0]LogInit:      CURL_VERSION_IDN
[2015.07.23-19.29.28:197][  0]LogInit:  CurlRequestOptions (configurable via config and command line):
[2015.07.23-19.29.28:197][  0]LogInit:  - bVerifyPeer = true  - Libcurl will verify peer certificate
[2015.07.23-19.29.28:197][  0]LogInit:  - bUseHttpProxy = false  - Libcurl will NOT use HTTP proxy
[2015.07.23-19.29.28:197][  0]LogInit:  - bDontReuseConnections = false  - Libcurl will reuse connections
[2015.07.23-19.29.28:197][  0]LogInit:  - CertBundlePath = nullptr  - Libcurl will use whatever was configured at build time.
[2015.07.23-19.29.28:217][  0]LogOnline:Warning: No default platform service specified for OnlineSubsystem
[2015.07.23-19.29.28:234][  0]LogInit: Presizing for 0 objects not considered by GC, pre-allocating 0 bytes.
[2015.07.23-19.29.28:242][  0]LogInit: Object subsystem initialized
[2015.07.23-19.29.28:244][  0]LogConsoleResponse:Warning: Skipping Unknown console variable: 'TranslucentSortAxis = (X=0.000000,Y=-1.000000,Z=0.000000)'
[2015.07.23-19.29.28:244][  0]LogConsoleResponse:Warning:   Found in ini file 'C:/Users/Kyle/Desktop/Classes/GSP340-Level Design/Temple-Genesis/TempleGenesis/Saved/Config/Windows/Engine.ini', in section '[/Script/Engine.RendererSettings]'
[2015.07.23-19.29.28:244][  0]LogConsoleResponse:Warning: Skipping Unknown console variable: 'UIScaleRule = ShortestSide'
[2015.07.23-19.29.28:244][  0]LogConsoleResponse:Warning:   Found in ini file 'C:/Users/Kyle/Desktop/Classes/GSP340-Level Design/Temple-Genesis/TempleGenesis/Saved/Config/Windows/Engine.ini', in section '[/Script/Engine.RendererSettings]'
[2015.07.23-19.29.28:244][  0]LogConsoleResponse:Warning: Skipping Unknown console variable: 'UIScaleCurve = (EditorCurveData=(Keys=),ExternalCurve=None)'
[2015.07.23-19.29.28:244][  0]LogConsoleResponse:Warning:   Found in ini file 'C:/Users/Kyle/Desktop/Classes/GSP340-Level Design/Temple-Genesis/TempleGenesis/Saved/Config/Windows/Engine.ini', in section '[/Script/Engine.RendererSettings]'
[2015.07.23-19.29.28:244][  0]LogInit: Selected Device Profile: [Windows]
[2015.07.23-19.29.28:244][  0]LogInit: Applying CVar settings loaded from the selected device profile: [Windows]
[2015.07.23-19.29.28:264][  0]LogInit: Computer: THETRAVELER
[2015.07.23-19.29.28:264][  0]LogInit: User: Kyle
[2015.07.23-19.29.28:264][  0]LogInit: CPU Page size=4096, Cores=2
[2015.07.23-19.29.28:264][  0]LogInit: High frequency timer resolution =2.338336 MHz
[2015.07.23-19.29.28:264][  0]LogMemory: Memory total: Physical=7.9GB (8GB approx)
[2015.07.23-19.29.28:264][  0]LogMemory: Platform Memory Stats for Windows
[2015.07.23-19.29.28:264][  0]LogMemory: Process Physical Memory: 48.00 MB used, 48.00 MB peak
[2015.07.23-19.29.28:264][  0]LogMemory: Process Virtual Memory: 24.29 MB used, 24.29 MB peak
[2015.07.23-19.29.28:264][  0]LogMemory: Physical Memory: 3325.20 MB used, 8115.27 MB total
[2015.07.23-19.29.28:264][  0]LogMemory: Virtual Memory: 296.80 MB used, 134217728.00 MB total
[2015.07.23-19.29.28:299][  0]LogTextLocalizationManager: The requested culture ('en_US') has no localization data; parent culture's ('en') localization data will be used.
[2015.07.23-19.29.28:585][  0]LogTextLocalizationManager:Warning: Loaded localization resources contain conflicting entries for (Namespace:ContentBrowser, Key:ImportAssetToolTip):
Localization Resource: (C:/Program Files/Epic Games/4.8/Engine/Content/Localization/Editor/en/Editor.locres) Source String Hash: (-630476809) Localized String: (Import to {0}...)
Localization Resource: (C:/Program Files/Epic Games/4.8/Engine/Content/Localization/Editor/en/Editor.locres) Source String Hash: (1271782899) Localized String: (Imports an asset from file to this folder.)
[2015.07.23-19.29.29:138][  0]LogD3D11RHI: Found D3D11 adapter 0: NVIDIA GeForce 840M (Feature Level 11_0)
[2015.07.23-19.29.29:138][  0]LogD3D11RHI: Adapter has 1972MB of dedicated video memory, 0MB of dedicated system memory, and 2048MB of shared system memory, 1 output[s]
[2015.07.23-19.29.29:145][  0]LogD3D11RHI: Found D3D11 adapter 1: Intel(R) HD Graphics Family (Feature Level 11_0)
[2015.07.23-19.29.29:145][  0]LogD3D11RHI: Adapter has 0MB of dedicated video memory, 0MB of dedicated system memory, and 1792MB of shared system memory, 0 output[s]
[2015.07.23-19.29.29:146][  0]LogD3D11RHI: Found D3D11 adapter 2: Microsoft Basic Render Driver (Feature Level 11_0)
[2015.07.23-19.29.29:146][  0]LogD3D11RHI: Adapter has 0MB of dedicated video memory, 0MB of dedicated system memory, and 256MB of shared system memory, 0 output[s]
[2015.07.23-19.29.29:146][  0]LogD3D11RHI: Chosen D3D11 Adapter Id = 0
[2015.07.23-19.29.29:151][  0]LogRHI: Texture pool is 1361 MB (70% of 1945 MB)
[2015.07.23-19.29.29:163][  0]LogD3D11RHI: Async texture creation enabled
[2015.07.23-19.29.29:180][  0]LogShaderCompilers:Display: Using Local Shader Compiler.
[2015.07.23-19.29.30:210][  0]LogTemp:Display: Loaded TP DesktopTargetPlatform
[2015.07.23-19.29.30:229][  0]LogTemp:Display: Loaded TP WindowsClientTargetPlatform
[2015.07.23-19.29.30:248][  0]LogTemp:Display: Loaded TP WindowsNoEditorTargetPlatform
[2015.07.23-19.29.30:266][  0]LogTemp:Display: Loaded TP WindowsServerTargetPlatform
[2015.07.23-19.29.30:286][  0]LogTemp:Display: Loaded TP WindowsTargetPlatform
[2015.07.23-19.29.30:302][  0]LogTemp:Display: Loaded TP AndroidTargetPlatform
[2015.07.23-19.29.30:318][  0]LogTemp:Display: Loaded TP Android_ASTCTargetPlatform
[2015.07.23-19.29.30:334][  0]LogTemp:Display: Loaded TP Android_ATCTargetPlatform
[2015.07.23-19.29.30:351][  0]LogTemp:Display: Loaded TP Android_DXTTargetPlatform
[2015.07.23-19.29.30:367][  0]LogTemp:Display: Loaded TP Android_ETC1TargetPlatform
[2015.07.23-19.29.30:384][  0]LogTemp:Display: Loaded TP Android_ETC2TargetPlatform
[2015.07.23-19.29.30:400][  0]LogTemp:Display: Loaded TP Android_PVRTCTargetPlatform
[2015.07.23-19.29.30:459][  0]LogTemp:Display: Loaded TP IOSTargetPlatform
[2015.07.23-19.29.30:476][  0]LogTemp:Display: Loaded TP LinuxNoEditorTargetPlatform
[2015.07.23-19.29.30:493][  0]LogTemp:Display: Loaded TP LinuxServerTargetPlatform
[2015.07.23-19.29.30:511][  0]LogTemp:Display: Loaded TP LinuxTargetPlatform
[2015.07.23-19.29.30:511][  0]LogTargetPlatformManager:Display: Building Assets For Windows
[2015.07.23-19.29.30:798][  0]LogDerivedDataCache:Display: Max Cache Size: 512 MB
[2015.07.23-19.29.30:863][  0]LogDerivedDataCache: Loaded boot cache 0.06s 53MB C:/Users/Kyle/AppData/Local/UnrealEngine/4.8/DerivedDataCache/Boot.ddc.
[2015.07.23-19.29.30:863][  0]LogDerivedDataCache:Display: Loaded Boot cache: C:/Users/Kyle/AppData/Local/UnrealEngine/4.8/DerivedDataCache/Boot.ddc
[2015.07.23-19.29.30:863][  0]LogDerivedDataCache: FDerivedDataBackendGraph:  Pak pak cache file ../../../../../../Users/Kyle/Desktop/Classes/GSP340-Level Design/Temple-Genesis/TempleGenesis/DerivedDataCache/DDC.ddp not found, will not use a pak cache.
[2015.07.23-19.29.30:863][  0]LogDerivedDataCache: Unable to find inner node Pak for hierarchical cache Hierarchy.
[2015.07.23-19.29.30:863][  0]LogDerivedDataCache: FDerivedDataBackendGraph:  CompressedPak pak cache file ../../../../../../Users/Kyle/Desktop/Classes/GSP340-Level Design/Temple-Genesis/TempleGenesis/DerivedDataCache/Compressed.ddp not found, will not use a pak cache.
[2015.07.23-19.29.30:863][  0]LogDerivedDataCache: Unable to find inner node CompressedPak for hierarchical cache Hierarchy.
[2015.07.23-19.29.31:034][  0]LogDerivedDataCache:Display: Pak cache opened for reading ../../../Engine/DerivedDataCache/Compressed.ddp.
[2015.07.23-19.29.31:046][  0]LogDerivedDataCache: Using Local data cache path C:/Users/Kyle/AppData/Local/UnrealEngine/Common/DerivedDataCache: Writable
[2015.07.23-19.29.31:284][  0]LogInit: Selected Device Profile: [Windows]
[2015.07.23-19.29.31:384][  0]ImportText (ComponentSweepMultiTests): Missing closing parenthesis: (RootShapeAsset="/Engine/BasicShapes/Cube.Cube",ShapeType="TriggerCapsule",HitResult=(Time=0.50,Location=(X=-100.000015,Y=0.0,Z=100.000015),ImpactPoint=(X=-50.0,Y=0.0,Z=50.0),Normal=(X=-1.0,Y=-0.0,Z=0.0),ImpactNormal=(X=0.0,Y=0.0,Z=1.0),TraceStart=(X=-200.0,Y=0.0,Z=200.0),TraceEnd=(X=0.0,Y=0.0,Z=0.0))
[2015.07.23-19.29.31:384][  0]ImportText (LineTraceSingleByChannelTests): Missing closing parenthesis: (RootShapeAsset="/Engine/BasicShapes/Cube.Cube",HitResult=(Time=0.50,Location=(X=-100.000015,Y=0.0,Z=100.000015),ImpactPoint=(X=-50.0,Y=0.0,Z=50.0),Normal=(X=-1.0,Y=-0.0,Z=0.0),ImpactNormal=(X=0.0,Y=0.0,Z=1.0),TraceStart=(X=-200.0,Y=0.0,Z=200.0),TraceEnd=(X=0.0,Y=0.0,Z=0.0))
[2015.07.23-19.29.31:421][  0]LogMeshUtilities: No automatic mesh reduction module available
[2015.07.23-19.29.31:421][  0]LogMeshUtilities: No automatic mesh merging module available
[2015.07.23-19.29.31:860][  0]LogInit: WinSock: version 1.1 (2.2), MaxSocks=32767, MaxUdp=65467
[2015.07.23-19.29.32:982][  0]UdpMessaging: Initializing bridge on interface 0.0.0.0:0 to multicast group 230.0.0.1:6666.
[2015.07.23-19.29.33:369][  0]SourceControl: Info Source control is disabled
[2015.07.23-19.29.33:379][  0]SourceControl: Info Source control is disabled
[2015.07.23-19.29.33:393][  0]SourceControl: Info Source control is disabled
[2015.07.23-19.29.33:406][  0]SourceControl: Info Source control is disabled
[2015.07.23-19.29.33:677][  0]LogObj: 26273 objects as part of root set at end of initial load.
[2015.07.23-19.29.33:677][  0]LogUObjectAllocator: 5409248 out of 0 bytes used by permanent object pool.
[2015.07.23-19.29.33:760][  0]LogEngine: Initializing Engine...
[2015.07.23-19.29.33:763][  0]LogHMD: Can't find Oculus library dev build: is proper Runtime installed? Version: 0.6.0.0
[2015.07.23-19.29.33:764][  0]LogHMD:Warning: SteamVR failed to initialize.  Error: 110
[2015.07.23-19.29.33:935][  0]LogAIModule: Creating AISystem for world NewWorld
[2015.07.23-19.29.33:939][  0]LogInit: XAudio2 using 'Speakers (Realtek High Definition Audio)' : 2 channels at 48 kHz using 32 bits per sample (channel mask 0x3)
[2015.07.23-19.29.33:958][  0]LogInit: FAudioDevice initialized.
[2015.07.23-19.29.33:986][  0]LogDerivedDataCache: Saved boot cache 0.03s 53MB C:/Users/Kyle/AppData/Local/UnrealEngine/4.8/DerivedDataCache/Boot.ddc.
[2015.07.23-19.29.33:995][  0]LogInit: Texture streaming: Disabled
[2015.07.23-19.29.34:028][  0]LogAnalytics: Creating configured Analytics provider AnalyticsET
[2015.07.23-19.29.34:028][  0]LogAnalytics: [UEEditor.Rocket.Release] APIServer = http://et2.epicgames.com/ET2/. AppVersion = 4.8.1-2591939+++depot+UE4-Releases+4.8
[2015.07.23-19.29.34:028][  0]LogAnalytics: [UEEditor.Rocket.Release] SetUserId 201468914df752e89d7d1bb4bc74ed1f|7cacb4d63c634bb8a4e14ec85199b10c|2afffc5c-896e-4cab-91de-f55d774ca005
[2015.07.23-19.29.34:029][  0]LogAnalytics: [UEEditor.Rocket.Release] AnalyticsET::StartSession
[2015.07.23-19.29.34:063][  0]LogInit: Transaction tracking system initialized
[2015.07.23-19.29.34:280][  0]BlueprintLog: New page: Editor Load
[2015.07.23-19.29.34:333][  0]LogAssetRegistry: FAssetRegistry took 0.0105 seconds to start up
[2015.07.23-19.29.34:333][  0]LogDirectoryWatcher:Warning: Failed to begin reading directory changes for ../../../Engine/Plugins/Experimental/CharacterAI/Content/. Error: 0
[2015.07.23-19.29.35:355][  0]LogLinker:Warning: Asset '../../../Engine/Content/Tutorial/Basics/FeaturePacks.uasset' has been saved with empty engine version. The asset will be loaded but may be incompatible.
[2015.07.23-19.29.35:580][  0]LogConsoleManager:Warning: Console variable 'r.VSync' wasn't set ('GameSetting' has a lower priority than 'SystemSettingsIni')
[2015.07.23-19.29.35:580][  0]LogConsoleResponse:Display: 
[2015.07.23-19.29.35:770][  0]LogCook:Display: Done creating registry. It took  0.00s.
[2015.07.23-19.29.36:108][  0]SourceControl: Info Source control is disabled
[2015.07.23-19.29.36:108][  0]LogEditorServer:Warning: Can't find file '../../../../../../Users/Kyle/Desktop/Classes/GSP340-Level Design/Temple-Genesis/TempleGenesis/Content/ThirdPersonBP/Maps/ThirdPersonExampleMap.umap'
[2015.07.23-19.29.36:108][  0]Cmd: MAP CHECKDEP NOCLEARLOG
[2015.07.23-19.29.36:184][  0]MapCheck: Info Map check complete: 0 Error(s), 0 Warning(s), took 75.521ms to complete.
[2015.07.23-19.29.36:184][  0]LogFileHelpers: Loading map 'ThirdPersonExampleMap' took 0.076
[2015.07.23-19.29.36:442][  0]LogCollectionManager: Loaded 0 collections in 0.004215 seconds
[2015.07.23-19.29.36:455][  0]LogContentBrowser: Native class hierarchy populated in 0.0128 seconds. Added 1792 classes and 301 folders.
[2015.07.23-19.29.36:563][  0]LogContentBrowser: Native class hierarchy updated for 'WidgetCarousel' in 0.0006 seconds. Added 0 classes and 0 folders.
[2015.07.23-19.29.36:862][  0]LogContentBrowser: Native class hierarchy updated for 'AddContentDialog' in 0.0007 seconds. Added 0 classes and 0 folders.
[2015.07.23-19.29.36:892][  0]LogContentBrowser: Native class hierarchy updated for 'SceneOutliner' in 0.0007 seconds. Added 1 classes and 2 folders.
[2015.07.23-19.29.37:038][  0]LogCrashTracker: Crashtracker disabled due to settings.
[2015.07.23-19.29.37:043][  0]LogUObjectGlobals:Warning: Failed to find object 'Class None.'
[2015.07.23-19.29.37:067][  0]LogLoad: Full Startup: 11.04 seconds (BP compile: 0.11 seconds)
[2015.07.23-19.29.37:076][  0]LogWindowsTextInputMethodSystem:Display: IME system now deactivated.
[2015.07.23-19.29.37:136][  0]LogContentStreaming: Texture pool size is 0.000000MB
[2015.07.23-19.29.37:168][  0]LogContentStreaming: Texture pool size now 1000 MB
[2015.07.23-19.29.37:327][  0]LogRenderer: Reallocating scene render targets to support 936x440 (Frame:2).
[2015.07.23-19.29.37:982][  6]LogAssetRegistry: Asset discovery search completed in 3.6607 seconds
[2015.07.23-19.34.44:122][581]LogPlayLevel: PIE:  No blueprints needed recompiling
[2015.07.23-19.34.44:375][581]PIE: New page: PIE session: Untitled_0 (Jul 23, 2015, 5:34:44 AM)
[2015.07.23-19.34.44:408][581]LogPlayLevel: Creating play world package: /Temp/UEDPIE_0_Untitled_0
[2015.07.23-19.34.44:447][581]LogPlayLevel: PIE: StaticDuplicateObject took: (0.039346s)
[2015.07.23-19.34.44:449][581]LogAIModule: Creating AISystem for world NewWorld
[2015.07.23-19.34.44:451][581]LogPlayLevel: PIE: World Init took: (0.003715s)
[2015.07.23-19.34.44:462][581]LogPlayLevel: PIE: Created PIE world by copying editor world from /Temp/Untitled_0.NewWorld to /Temp/UEDPIE_0_Untitled_0.NewWorld (0.054454s)
[2015.07.23-19.34.44:587][581]LogInit: XAudio2 using 'Speakers (Realtek High Definition Audio)' : 2 channels at 48 kHz using 32 bits per sample (channel mask 0x3)
[2015.07.23-19.34.44:612][581]LogInit: FAudioDevice initialized.
[2015.07.23-19.34.46:781][581]LogWorld: Game class is 'ThirdPersonGameMode_C'
[2015.07.23-19.34.46:840][581]LogWorld: Bringing World /Temp/UEDPIE_0_Untitled_0.NewWorld up for play (max tick rate 0) at 2015.07.23-12.34.46
[2015.07.23-19.34.46:840][581]LogActor:Warning: GameSession /Temp/UEDPIE_0_Untitled_0.NewWorld:PersistentLevel.GameSession_0 has natively added scene component(s), but none of them were set as the actor's RootComponent - picking one arbitrarily
[2015.07.23-19.34.46:858][581]LogActor:Warning: GameNetworkManager /Temp/UEDPIE_0_Untitled_0.NewWorld:PersistentLevel.GameNetworkManager_0 has natively added scene component(s), but none of them were set as the actor's RootComponent - picking one arbitrarily
[2015.07.23-19.34.46:891][581]LogWorld: Bringing up level for play took: 0.052442
[2015.07.23-19.34.47:252][581]PIE: Info Play in editor start time for /Temp/UEDPIE_0_Untitled_0 2.33
[2015.07.23-19.34.50:921][849]LogParticles: Destroying 0 GPU particle simulations for FXSystem 0x000000A0BA2E6C00
[2015.07.23-19.35.00:328][833]LogProperty:Warning: Serialized Class /Script/Engine.StaticMeshActor for a property of Class /Script/Engine.StaticMesh. Reference will be NULLed.
    Property = ObjectProperty /Script/Engine.StaticMeshComponent:StaticMesh
    Item = StaticMeshActor /Game/ThirdPersonBP/Maps/Level001.Level001:PersistentLevel.Linear_Stair_StaticMesh2_6
[2015.07.23-19.35.00:878][833]LogAIModule: Creating AISystem for world Level001
[2015.07.23-19.35.00:957][833]Cmd: MAP LOAD FILE="../../../../../../Users/Kyle/Desktop/Classes/GSP340-Level Design/Temple-Genesis/TempleGenesis/Content/ThirdPersonBP/Maps/Level001.umap" TEMPLATE=0 SHOWPROGRESS=1 FEATURELEVEL=3
[2015.07.23-19.35.00:957][833]LightingResults: New page: Lighting Build
[2015.07.23-19.35.00:973][833]LogContentBrowser: Native class hierarchy updated for 'StatsViewer' in 0.0004 seconds. Added 5 classes and 0 folders.
[2015.07.23-19.35.00:994][833]LoadErrors: New page: Loading map: Level001.umap
[2015.07.23-19.35.00:994][833]MapCheck: New page: Map Check
[2015.07.23-19.35.00:994][833]LightingResults: New page: Lighting Build
[2015.07.23-19.35.01:012][833]LogParticles: Destroying 0 GPU particle simulations for FXSystem 0x000000A0C587CB80
[2015.07.23-19.35.01:722][833]LogProperty:Warning: Serialized Class /Script/Engine.StaticMeshActor for a property of Class /Script/Engine.StaticMesh. Reference will be NULLed.
    Property = ObjectProperty /Script/Engine.StaticMeshComponent:StaticMesh
    Item = StaticMeshActor /Game/ThirdPersonBP/Maps/Level001.Level001:PersistentLevel.Linear_Stair_StaticMesh2_6
[2015.07.23-19.35.01:737][833]LogAIModule: Creating AISystem for world Level001
[2015.07.23-19.35.01:963][833]LogEditorServer: Finished looking for orphan Actors (0.000 secs)
[2015.07.23-19.35.02:651][833]Cmd: MAP CHECKDEP NOCLEARLOG
[2015.07.23-19.35.02:724][833]MapCheck: Info Map check complete: 0 Error(s), 0 Warning(s), took 72.176ms to complete.
[2015.07.23-19.35.02:724][833]LogFileHelpers: Loading map 'Level001' took 1.768
[2015.07.23-19.38.31:803][698]LogEditorViewport: Clicking on Actor (LMB): TextRenderActor (TemplateLabel)
[2015.07.23-19.40.23:620][656]Cmd: TRANSACTION UNDO
[2015.07.23-19.40.23:639][656]LogEditorTransaction: Undo Set actor rotation
[2015.07.23-19.40.46:508][855]LogEditorViewport: Clicking on Actor (LMB): StaticMeshActor (Floor)
[2015.07.23-19.42.35:182][530]Cmd: TRANSACTION UNDO
[2015.07.23-19.42.35:182][530]LogEditorTransaction: Undo Move Actors
[2015.07.23-19.45.11:026][546]LogSavePackage: Save=2883.389648ms
[2015.07.23-19.45.11:026][546]LogSavePackage: Moving '../../../../../../Users/Kyle/Desktop/Classes/GSP340-Level Design/Temple-Genesis/TempleGenesis/Saved/Level001_Auto135189B2748490A8CF82BF283E6271727.tmp' to '../../../../../../Users/Kyle/Desktop/Classes/GSP340-Level Design/Temple-Genesis/TempleGenesis/Saved/Autosaves/Game/ThirdPersonBP/Maps/Level001_Auto1.umap'
[2015.07.23-19.45.11:050][546]LogFileHelpers: Editor autosave (incl. sublevels) for '/Game/ThirdPersonBP/Maps/Level001' took 2.971
[2015.07.23-19.45.11:050][546]LogFileHelpers: Editor autosave (incl. sublevels) for all levels took 2.971
[2015.07.23-20.35.19:906][827]LogEditorViewport: Clicking on Actor (LMB): LightmassImportanceVolume (LightmassImportanceVolume)
[2015.07.23-20.35.27:737][285]Cmd: EDIT CUT
[2015.07.23-20.35.27:923][285]LogEditorActor: Deleted Actor: LightmassImportanceVolume
[2015.07.23-20.35.28:138][285]LogEditorActor: Deleted 1 Actors (0.234 secs)
[2015.07.23-20.35.29:077][340]LogEditorViewport: Clicking on Actor (LMB): StaticMeshActor (Wall4)
[2015.07.23-20.35.46:617][187]Cmd: TRANSACTION UNDO
[2015.07.23-20.35.46:617][187]LogEditorTransaction: Undo Move Actors
[2015.07.23-20.35.46:955][201]Cmd: TRANSACTION UNDO
[2015.07.23-20.35.46:955][201]LogEditorTransaction: Undo Set actor scale
[2015.07.23-20.35.47:470][225]Cmd: TRANSACTION UNDO
[2015.07.23-20.35.47:470][225]LogEditorTransaction: Undo Clicking on Actors
[2015.07.23-20.35.48:535][286]Cmd: TRANSACTION UNDO
[2015.07.23-20.35.48:535][286]LogEditorTransaction: Undo Cut
[2015.07.23-20.35.49:218][326]Cmd: TRANSACTION UNDO
[2015.07.23-20.35.49:219][326]LogEditorTransaction: Undo Move Actors
[2015.07.23-20.35.49:754][358]Cmd: TRANSACTION UNDO
[2015.07.23-20.35.49:754][358]LogEditorTransaction: Undo Clicking on Actors
[2015.07.23-20.35.50:451][398]Cmd: TRANSACTION UNDO
[2015.07.23-20.35.50:451][398]LogEditorTransaction: Undo Set actor scale
[2015.07.23-20.35.51:238][445]Cmd: TRANSACTION UNDO
[2015.07.23-20.35.51:238][445]LogEditorTransaction: Undo Set actor scale
[2015.07.23-20.35.56:078][735]LogEditorViewport: Clicking on Actor (LMB): StaticMeshActor (Floor)
[2015.07.23-20.36.59:064][481]EditorErrors: New page: Actor attachment
[2015.07.23-20.37.01:348][615]EditorErrors: New page: Actor attachment
[2015.07.23-20.37.04:678][810]EditorErrors: New page: Actor attachment
[2015.07.23-20.37.07:902][  0]EditorErrors: New page: Actor attachment
[2015.07.23-20.37.49:144][745]LogSavePackage: Save=2828.675293ms
[2015.07.23-20.37.49:144][745]LogSavePackage: Moving '../../../../../../Users/Kyle/Desktop/Classes/GSP340-Level Design/Temple-Genesis/TempleGenesis/Saved/Level001C498055547E538CCFE1CC2862FE231DE.tmp' to '../../../../../../Users/Kyle/Desktop/Classes/GSP340-Level Design/Temple-Genesis/TempleGenesis/Content/ThirdPersonBP/Maps/Level001.umap'
[2015.07.23-20.37.58:382][260]MapCheck: New page: Map Check
[2015.07.23-20.37.58:519][260]Cmd: MAP REBUILD ALLVISIBLE
[2015.07.23-20.37.58:519][260]LogEditorServer: Rebuildmap Clear paths rebuilt
[2015.07.23-20.37.58:718][260]LightingResults: New page: Lighting Build - Jul 23, 2015, 6:37:58 AM
[2015.07.23-20.38.20:367][260]LogStaticLightingSystem: Running Lightmass w/ ImmediateImport mode ENABLED
[2015.07.23-20.38.20:367][260]LogStaticLightingSystem: Running Lightmass w/ ImmediateProcess mode ENABLED
[2015.07.23-20.38.20:367][260]LogStaticLightingSystem: Running Lightmass w/ Sorting mode ENABLED
[2015.07.23-20.38.20:367][260]LogStaticLightingSystem: Running Lightmass w/ Mapping paddings ENABLED
[2015.07.23-20.38.20:367][260]LogStaticLightingSystem: Running Lightmass w/ Mapping debug paddings DISABLED
[2015.07.23-20.38.21:001][260]LogEditorBuildUtils: Build time 0:00:22
[2015.07.23-20.40.42:704][431]Job is a success!
[2015.07.23-20.40.45:157][432]LogTexture:Display: Building textures: SkyOcclusion0_1 (AutoDXT)
[2015.07.23-20.40.47:541][432]LogTexture:Display: Building textures: LQ_Lightmap_0_7 (DXT1)
[2015.07.23-20.40.47:549][432]LogTexture:Display: Building textures: HQ_Lightmap0_7 (AutoDXT)
[2015.07.23-20.40.47:550][432]LogTexture:Display: Building textures: SkyOcclusion0_7 (AutoDXT)
[2015.07.23-20.40.47:554][432]LogTexture:Display: Building textures: LQ_Lightmap_0_6 (DXT1)
[2015.07.23-20.40.47:577][432]LogTexture:Display: Building textures: HQ_Lightmap0_6 (AutoDXT)
[2015.07.23-20.40.47:632][432]LogTexture:Display: Building textures: SkyOcclusion0_6 (AutoDXT)
[2015.07.23-20.40.47:655][432]LogTexture:Display: Building textures: LQ_Lightmap_0_5 (DXT1)
[2015.07.23-20.40.47:690][432]LogTexture:Display: Building textures: HQ_Lightmap0_5 (AutoDXT)
[2015.07.23-20.40.47:767][432]LogTexture:Display: Building textures: SkyOcclusion0_5 (AutoDXT)
[2015.07.23-20.40.47:818][432]LogTexture:Display: Building textures: LQ_Lightmap_1_4 (DXT1)
[2015.07.23-20.40.47:853][432]LogTexture:Display: Building textures: HQ_Lightmap1_4 (AutoDXT)
[2015.07.23-20.40.47:941][432]LogTexture:Display: Building textures: SkyOcclusion0_4 (AutoDXT)
[2015.07.23-20.40.47:983][432]LogTexture:Display: Building textures: LQ_Lightmap_1_3 (DXT1)
[2015.07.23-20.40.48:021][432]LogTexture:Display: Building textures: HQ_Lightmap1_3 (AutoDXT)
[2015.07.23-20.40.48:093][432]LogTexture:Display: Building textures: SkyOcclusion0_3 (AutoDXT)
[2015.07.23-20.40.48:147][432]LogTexture:Display: Building textures: LQ_Lightmap_1_2 (DXT1)
[2015.07.23-20.40.48:186][432]LogTexture:Display: Building textures: HQ_Lightmap1_2 (AutoDXT)
[2015.07.23-20.40.48:251][432]LogTexture:Display: Building textures: SkyOcclusion0_2 (AutoDXT)
[2015.07.23-20.40.48:342][432]LogTexture:Display: Building textures: LQ_Lightmap_0_1 (DXT1)
[2015.07.23-20.40.49:744][432]LogTexture:Display: Building textures: HQ_Lightmap0_1 (AutoDXT)
[2015.07.23-20.40.56:139][432]LogTexture:Display: Building textures: ShadowMapTexture2D_5 (BGRA8)
[2015.07.23-20.40.56:763][432]LogTexture:Display: Building textures: ShadowMapTexture2D_7 (BGRA8)
[2015.07.23-20.40.56:831][432]LogTexture:Display: Building textures: ShadowMapTexture2D_8 (BGRA8)
[2015.07.23-20.40.56:888][432]LogTexture:Display: Building textures: ShadowMapTexture2D_9 (BGRA8)
[2015.07.23-20.40.56:948][432]LogTexture:Display: Building textures: ShadowMapTexture2D_10 (BGRA8)
[2015.07.23-20.40.56:968][432]LogTexture:Display: Building textures: ShadowMapTexture2D_11 (BGRA8)
[2015.07.23-20.40.56:971][432]LogTexture:Display: Building textures: ShadowMapTexture2D_12 (BGRA8)
[2015.07.23-20.40.57:549][432]Lightmass on THETRAVELER: 2:30 min total, 351 ms importing, 0 ms setup, 2.51 sec photons, 2:26 min processing, 0 ms extra exporting [7/7 mappings]. Threads: 9:47 min total, 2:22 min processing.
[2015.07.23-20.40.57:709][432]LogStaticLightingSystem: Illumination: 2:58 min (13.6 sec encoding lightmaps)
[2015.07.23-20.40.57:709][432]LogStaticLightingSystem: Lightmap texture memory:  22.8 MB (22.8 MB streaming, 0.0 MB non-streaming), 14 textures
[2015.07.23-20.40.57:709][432]LogStaticLightingSystem: Shadowmap texture memory: 45.5 MB (45.5 MB streaming, 0.0 MB non-streaming), 7 textures
[2015.07.23-20.41.05:504][433]Cmd: MAP CHECK NOTIFYRESULTS
[2015.07.23-20.41.05:504][433]MapCheck: New page: Level001 - Jul 23, 2015, 6:41:05 AM
[2015.07.23-20.41.05:574][433]MapCheck:Error: Error Linear_Stair_StaticMesh2_6 Component is a static type but has invalid lightmap settings!  Indirect lighting will be black.  Common causes are lightmap resolution of 0, LightmapCoordinateIndex out of bounds. 
[2015.07.23-20.41.05:587][433]MapCheck:Warning: Warning Linear_Stair_StaticMesh2_6 Static mesh actor has NULL StaticMesh property 
[2015.07.23-20.41.05:588][433]MapCheck:Warning: Warning Linear_Stair_StaticMesh2_6 Static mesh actor has NULL StaticMesh property 
[2015.07.23-20.41.05:713][433]MapCheck: Info Map check complete: 1 Error(s), 2 Warning(s), took 209.413ms to complete.
[2015.07.23-20.41.19:271][222]Cmd: BRUSH ADD SELECTNEWBRUSH
[2015.07.23-20.41.33:379][ 37]Cmd: BRUSH SUBTRACT SELECTNEWBRUSH
[2015.07.23-20.41.38:985][369]LogD3D11RHI:Warning: Temp texture streaming buffer not large enough, needed 8388608 bytes
[2015.07.23-20.41.59:344][531]Cmd: DELETE
[2015.07.23-20.41.59:344][531]Cmd: ACTOR DELETE
[2015.07.23-20.41.59:356][531]LogEditorActor: Deleted Actor: Brush
[2015.07.23-20.41.59:507][531]LogEditorActor: Deleted 1 Actors (0.151 secs)
[2015.07.23-20.42.01:792][667]LogEditorViewport: Clicking on Actor (LMB): StaticMeshActor (Floor)
[2015.07.23-20.42.41:733][ 38]Cmd: CAMERA ALIGN ACTIVEVIEWPORTONLY
[2015.07.23-20.42.41:883][ 47]Cmd: CAMERA ALIGN ACTIVEVIEWPORTONLY
[2015.07.23-20.43.04:234][373]LogEditorViewport: Clicking on Actor (context menu): StaticMeshActor (Floor)
[2015.07.23-20.44.41:941][198]LogEditorViewport: Clicking on Actor (LMB): StaticMeshActor (Wall2)
[2015.07.23-20.44.42:049][202]LogEditorViewport: Clicking on Component (LMB): StaticMeshComponent (StaticMeshComponent0)
[2015.07.23-20.44.51:855][788]LogEditorViewport: Clicking on Actor (context menu): StaticMeshActor (Wall2)
[2015.07.23-20.45.18:362][362]Cmd: BRUSH SUBTRACT SELECTNEWBRUSH
[2015.07.23-20.45.30:615][ 77]LogActorFactory: Actor Factory created Cube
[2015.07.23-20.45.32:089][161]LogActorFactory: Actor Factory created Cube
[2015.07.23-20.46.05:859][160]Cmd: DELETE
[2015.07.23-20.46.05:859][160]Cmd: ACTOR DELETE
[2015.07.23-20.46.05:861][160]LogEditorActor: Deleted Actor: Brush
[2015.07.23-20.46.05:917][160]LogEditorActor: Deleted 1 Actors (0.057 secs)
[2015.07.23-20.46.07:135][233]LogEditorViewport: Clicking on Actor (LMB): StaticMeshActor (Cube)
[2015.07.23-20.46.08:107][289]Cmd: DELETE
[2015.07.23-20.46.08:107][289]Cmd: ACTOR DELETE
[2015.07.23-20.46.08:109][289]LogEditorActor: Deleted Actor: StaticMeshActor
[2015.07.23-20.46.08:159][289]LogEditorActor: Deleted 1 Actors (0.052 secs)
[2015.07.23-20.46.27:314][434]LogEditorViewport: Clicking on Actor (LMB): StaticMeshActor (Floor)
[2015.07.23-20.46.45:045][466]LogAIModule: Creating AISystem for world MainMenu
[2015.07.23-20.46.52:808][466]LogSavePackage: Save=2987.640869ms
[2015.07.23-20.46.52:808][466]LogSavePackage: Moving '../../../../../../Users/Kyle/Desktop/Classes/GSP340-Level Design/Temple-Genesis/TempleGenesis/Saved/Level001389EC291473FD1606DBFCE907D01B70E.tmp' to '../../../../../../Users/Kyle/Desktop/Classes/GSP340-Level Design/Temple-Genesis/TempleGenesis/Content/ThirdPersonBP/Maps/Level001.umap'
[2015.07.23-20.46.52:988][466]LogFileHelpers: Saving map 'Level001' took 3.281
[2015.07.23-20.46.52:990][466]Cmd: MAP LOAD FILE="../../../../../../Users/Kyle/Desktop/Classes/GSP340-Level Design/Temple-Genesis/TempleGenesis/Content/ThirdPersonBP/Maps/MainMenu.umap" TEMPLATE=0 SHOWPROGRESS=1 FEATURELEVEL=3
[2015.07.23-20.46.52:990][466]LightingResults: New page: Lighting Build
[2015.07.23-20.46.53:012][466]LoadErrors: New page: Loading map: MainMenu.umap
[2015.07.23-20.46.53:013][466]MapCheck: New page: Map Check
[2015.07.23-20.46.53:013][466]LightingResults: New page: Lighting Build
[2015.07.23-20.46.53:070][466]LogParticles: Destroying 0 GPU particle simulations for FXSystem 0x000000A0CA030360
[2015.07.23-20.46.53:178][466]LogAIModule: Creating AISystem for world MainMenu
[2015.07.23-20.46.53:226][466]LogEditorServer: Finished looking for orphan Actors (0.000 secs)
[2015.07.23-20.46.53:263][466]Cmd: MAP CHECKDEP NOCLEARLOG
[2015.07.23-20.46.53:334][466]MapCheck: Info Map check complete: 0 Error(s), 0 Warning(s), took 70.874ms to complete.
[2015.07.23-20.46.53:334][466]LogFileHelpers: Loading map 'MainMenu' took 0.346
[2015.07.23-20.46.56:007][625]BlueprintLog: New page: Pre-PIE auto-recompile
[2015.07.23-20.46.56:007][625]LogPlayLevel: [PIE] Compiling MainMenu before PIE...
[2015.07.23-20.46.56:092][625]LogPlayLevel: PIE:  Blueprint regeneration took 85 ms (1 blueprints)
[2015.07.23-20.46.56:093][625]PIE: New page: PIE session: MainMenu (Jul 23, 2015, 6:46:56 AM)
[2015.07.23-20.46.56:093][625]LogPlayLevel: Creating play world package: /Game/ThirdPersonBP/Maps/UEDPIE_0_MainMenu
[2015.07.23-20.46.56:157][625]LogPlayLevel: PIE: StaticDuplicateObject took: (0.063943s)
[2015.07.23-20.46.56:158][625]LogAIModule: Creating AISystem for world MainMenu
[2015.07.23-20.46.56:160][625]LogPlayLevel: PIE: World Init took: (0.003214s)
[2015.07.23-20.46.56:161][625]LogPlayLevel: PIE: Created PIE world by copying editor world from /Game/ThirdPersonBP/Maps/MainMenu.MainMenu to /Game/ThirdPersonBP/Maps/UEDPIE_0_MainMenu.MainMenu (0.067747s)
[2015.07.23-20.46.56:214][625]LogInit: XAudio2 using 'Speakers (Realtek High Definition Audio)' : 2 channels at 48 kHz using 32 bits per sample (channel mask 0x3)
[2015.07.23-20.46.56:227][625]LogInit: FAudioDevice initialized.
[2015.07.23-20.46.56:273][625]LogWorld: Game class is 'ThirdPersonGameMode_C'
[2015.07.23-20.46.56:280][625]LogWorld: Bringing World /Game/ThirdPersonBP/Maps/UEDPIE_0_MainMenu.MainMenu up for play (max tick rate 60) at 2015.07.23-13.46.56
[2015.07.23-20.46.56:280][625]LogActor:Warning: GameSession /Game/ThirdPersonBP/Maps/UEDPIE_0_MainMenu.MainMenu:PersistentLevel.GameSession_1 has natively added scene component(s), but none of them were set as the actor's RootComponent - picking one arbitrarily
[2015.07.23-20.46.56:281][625]LogActor:Warning: GameNetworkManager /Game/ThirdPersonBP/Maps/UEDPIE_0_MainMenu.MainMenu:PersistentLevel.GameNetworkManager_1 has natively added scene component(s), but none of them were set as the actor's RootComponent - picking one arbitrarily
[2015.07.23-20.46.56:282][625]LogWorld: Bringing up level for play took: 0.003792
[2015.07.23-20.46.56:345][625]PIE: Info Play in editor start time for /Game/ThirdPersonBP/Maps/UEDPIE_0_MainMenu -0.576
[2015.07.23-20.46.59:042][771]LogPackageName: SearchForPackageOnDisk took   0.106s to resolve Level001.umap
[2015.07.23-20.46.59:136][771]LogPackageName: SearchForPackageOnDisk took   0.077s to resolve Level001.umap
[2015.07.23-20.46.59:136][771]LogNet: Browse: /Game/ThirdPersonBP/Maps/Level001
[2015.07.23-20.46.59:156][771]LogLoad: LoadMap: /Game/ThirdPersonBP/Maps/Level001
[2015.07.23-20.46.59:250][771]LogParticles: Destroying 0 GPU particle simulations for FXSystem 0x000000A0CA308E00
[2015.07.23-20.46.59:255][771]Cmd: MEM
[2015.07.23-20.46.59:291][771]LogMemory: Platform Memory Stats for Windows
[2015.07.23-20.46.59:291][771]LogMemory: Process Physical Memory: 839.24 MB used, 1661.34 MB peak
[2015.07.23-20.46.59:291][771]LogMemory: Process Virtual Memory: 737.73 MB used, 1574.25 MB peak
[2015.07.23-20.46.59:291][771]LogMemory: Physical Memory: 3987.11 MB used, 8115.27 MB total
[2015.07.23-20.46.59:291][771]LogMemory: Virtual Memory: 1879.36 MB used, 134217728.00 MB total
[2015.07.23-20.46.59:291][771]LogMemory: 
[2015.07.23-20.46.59:291][771]Allocator Stats for TBB: (not implemented)
[2015.07.23-20.47.01:328][771]LogAIModule: Creating AISystem for world Level001
[2015.07.23-20.47.01:331][771]LogWorld: Game class is 'ThirdPersonGameMode_C'
[2015.07.23-20.47.01:339][771]LogPhysics:Warning: MoveFixedBody: Trying to move component'/Game/ThirdPersonBP/Maps/UEDPIE_0_Level001.Level001:PersistentLevel.Wall1.StaticMeshComponent0' with a non-Movable Mobility.
[2015.07.23-20.47.01:339][771]LogPhysics:Warning: MoveFixedBody: Trying to move component'/Game/ThirdPersonBP/Maps/UEDPIE_0_Level001.Level001:PersistentLevel.Wall2.StaticMeshComponent0' with a non-Movable Mobility.
[2015.07.23-20.47.01:339][771]LogPhysics:Warning: MoveFixedBody: Trying to move component'/Game/ThirdPersonBP/Maps/UEDPIE_0_Level001.Level001:PersistentLevel.Wall3.StaticMeshComponent0' with a non-Movable Mobility.
[2015.07.23-20.47.01:339][771]LogPhysics:Warning: MoveFixedBody: Trying to move component'/Game/ThirdPersonBP/Maps/UEDPIE_0_Level001.Level001:PersistentLevel.Wall4.StaticMeshComponent0' with a non-Movable Mobility.
[2015.07.23-20.47.01:340][771]LogWorld: Bringing World /Game/ThirdPersonBP/Maps/UEDPIE_0_Level001.Level001 up for play (max tick rate 60) at 2015.07.23-13.47.01
[2015.07.23-20.47.01:340][771]LogActor:Warning: GameSession /Game/ThirdPersonBP/Maps/UEDPIE_0_Level001.Level001:PersistentLevel.GameSession_2 has natively added scene component(s), but none of them were set as the actor's RootComponent - picking one arbitrarily
[2015.07.23-20.47.01:340][771]LogActor:Warning: GameNetworkManager /Game/ThirdPersonBP/Maps/UEDPIE_0_Level001.Level001:PersistentLevel.GameNetworkManager_2 has natively added scene component(s), but none of them were set as the actor's RootComponent - picking one arbitrarily
[2015.07.23-20.47.01:341][771]LogWorld: Bringing up level for play took: 0.008177
[2015.07.23-20.47.28:823][387]LogParticles: Destroying 0 GPU particle simulations for FXSystem 0x000000A0873E9440
[2015.07.23-20.55.20:759][620]Cmd: MAP LOAD FILE="../../../../../../Users/Kyle/Desktop/Classes/GSP340-Level Design/Temple-Genesis/TempleGenesis/Content/ThirdPersonBP/Maps/MainMenu.umap" TEMPLATE=0 SHOWPROGRESS=1 FEATURELEVEL=3
[2015.07.23-20.55.20:759][620]LightingResults: New page: Lighting Build
[2015.07.23-20.55.20:791][620]LoadErrors: New page: Loading map: MainMenu.umap
[2015.07.23-20.55.20:791][620]MapCheck: New page: Map Check
[2015.07.23-20.55.20:791][620]LightingResults: New page: Lighting Build
[2015.07.23-20.55.20:810][620]LogParticles: Destroying 0 GPU particle simulations for FXSystem 0x000000A0CA030F40
[2015.07.23-20.55.20:878][620]LogAIModule: Creating AISystem for world MainMenu
[2015.07.23-20.55.20:938][620]LogEditorServer: Finished looking for orphan Actors (0.000 secs)
[2015.07.23-20.55.20:973][620]Cmd: MAP CHECKDEP NOCLEARLOG
[2015.07.23-20.55.21:057][620]MapCheck: Info Map check complete: 0 Error(s), 0 Warning(s), took 83.383ms to complete.
[2015.07.23-20.55.21:058][620]LogFileHelpers: Loading map 'MainMenu' took 0.300
[2015.07.23-20.55.35:203][409]LogLinker:Warning: Asset '../../../Engine/Content/ArtTools/RenderToTexture/Macros/RenderToTextureMacros.uasset' has been saved with empty engine version. The asset will be loaded but may be incompatible.
[2015.07.23-20.55.35:276][409]LogLinker:Warning: Asset '../../../Engine/Content/ArtTools/RenderToTexture/Enums/RenderToTexture_Enum.uasset' has been saved with empty engine version. The asset will be loaded but may be incompatible.
[2015.07.23-21.04.50:066][136]LogAIModule: Creating AISystem for world Level001
[2015.07.23-21.04.50:090][136]LogActorComponent: UnregisterComponent: (/Engine/Transient.CharMoveComp) Not registered. Aborting.
[2015.07.23-21.04.50:219][136]LogParticles: Destroying 0 GPU particle simulations for FXSystem 0x000000A0CA030AE0
[2015.07.23-21.04.50:220][136]LogParticles: Destroying 0 GPU particle simulations for FXSystem 0x000000A0BE5F25C0
[2015.07.23-21.04.50:223][136]LogParticles: Destroying 0 GPU particle simulations for FXSystem 0x000000A0A9676C00
[2015.07.23-21.04.50:223][136]LogParticles: Destroying 0 GPU particle simulations for FXSystem 0x000000A0A9677880
[2015.07.23-21.04.50:224][136]LogParticles: Destroying 0 GPU particle simulations for FXSystem 0x000000A08ECC2020
[2015.07.23-21.04.53:562][136]Cmd: MAP LOAD FILE="../../../../../../Users/Kyle/Desktop/Classes/GSP340-Level Design/Temple-Genesis/TempleGenesis/Content/ThirdPersonBP/Maps/Level001.umap" TEMPLATE=0 SHOWPROGRESS=1 FEATURELEVEL=3
[2015.07.23-21.04.53:563][136]LightingResults: New page: Lighting Build
[2015.07.23-21.04.53:586][136]LoadErrors: New page: Loading map: Level001.umap
[2015.07.23-21.04.53:587][136]MapCheck: New page: Map Check
[2015.07.23-21.04.53:587][136]LightingResults: New page: Lighting Build
[2015.07.23-21.04.53:624][136]LogParticles: Destroying 0 GPU particle simulations for FXSystem 0x000000A0BA1ECE00
[2015.07.23-21.04.54:384][136]LogAIModule: Creating AISystem for world Level001
[2015.07.23-21.04.54:513][136]LogEditorServer: Finished looking for orphan Actors (0.000 secs)
[2015.07.23-21.04.55:088][136]Cmd: MAP CHECKDEP NOCLEARLOG
[2015.07.23-21.04.55:161][136]MapCheck: Info Map check complete: 0 Error(s), 0 Warning(s), took 73.137ms to complete.
[2015.07.23-21.04.55:161][136]LogFileHelpers: Loading map 'Level001' took 1.600
[2015.07.23-21.05.00:035][423]BlueprintLog: New page: Pre-PIE auto-recompile
[2015.07.23-21.05.00:050][423]LogPlayLevel: [PIE] Compiling bpMainMenu before PIE...
[2015.07.23-21.05.00:159][423]LogPlayLevel: PIE:  Blueprint regeneration took 124 ms (1 blueprints)
[2015.07.23-21.05.00:159][423]PIE: New page: PIE session: Level001 (Jul 23, 2015, 7:05:00 AM)
[2015.07.23-21.05.00:160][423]LogPlayLevel: Creating play world package: /Game/ThirdPersonBP/Maps/UEDPIE_0_Level001
[2015.07.23-21.05.00:251][423]LogPlayLevel: PIE: StaticDuplicateObject took: (0.090989s)
[2015.07.23-21.05.00:252][423]LogAIModule: Creating AISystem for world Level001
[2015.07.23-21.05.00:254][423]LogPlayLevel: PIE: World Init took: (0.003402s)
[2015.07.23-21.05.00:254][423]LogPlayLevel: PIE: Created PIE world by copying editor world from /Game/ThirdPersonBP/Maps/Level001.Level001 to /Game/ThirdPersonBP/Maps/UEDPIE_0_Level001.Level001 (0.094878s)
[2015.07.23-21.05.00:308][423]LogInit: XAudio2 using 'Speakers (Realtek High Definition Audio)' : 2 channels at 48 kHz using 32 bits per sample (channel mask 0x3)
[2015.07.23-21.05.00:333][423]LogInit: FAudioDevice initialized.
[2015.07.23-21.05.00:375][423]LogWorld: Game class is 'ThirdPersonGameMode_C'
[2015.07.23-21.05.00:383][423]LogWorld: Bringing World /Game/ThirdPersonBP/Maps/UEDPIE_0_Level001.Level001 up for play (max tick rate 60) at 2015.07.23-14.05.00
[2015.07.23-21.05.00:383][423]LogActor:Warning: GameSession /Game/ThirdPersonBP/Maps/UEDPIE_0_Level001.Level001:PersistentLevel.GameSession_3 has natively added scene component(s), but none of them were set as the actor's RootComponent - picking one arbitrarily
[2015.07.23-21.05.00:383][423]LogActor:Warning: GameNetworkManager /Game/ThirdPersonBP/Maps/UEDPIE_0_Level001.Level001:PersistentLevel.GameNetworkManager_3 has natively added scene component(s), but none of them were set as the actor's RootComponent - picking one arbitrarily
[2015.07.23-21.05.00:384][423]LogWorld: Bringing up level for play took: 0.007299
[2015.07.23-21.05.00:386][423]PIE: Info Play in editor start time for /Game/ThirdPersonBP/Maps/UEDPIE_0_Level001 -0.536
[2015.07.23-21.08.51:784][284]LogParticles: Destroying 0 GPU particle simulations for FXSystem 0x000000A0822BC7C0
[2015.07.23-21.08.55:817][372]LogSavePackage: Save=21.266405ms
[2015.07.23-21.08.55:817][372]LogSavePackage: Moving '../../../../../../Users/Kyle/Desktop/Classes/GSP340-Level Design/Temple-Genesis/TempleGenesis/Saved/bpMainMenuE40763044DD694479AD6049959F6855F.tmp' to '../../../../../../Users/Kyle/Desktop/Classes/GSP340-Level Design/Temple-Genesis/TempleGenesis/Content/ThirdPersonBP/Blueprints/MainMenu/bpMainMenu.uasset'
[2015.07.23-21.08.56:521][373]Cmd: QUIT_EDITOR
[2015.07.23-21.08.57:161][373]LogWindowsTextInputMethodSystem:Display: IME system now deactivated.
[2015.07.23-21.08.57:330][373]LogExit: Preparing to exit.
[2015.07.23-21.08.57:936][373]LogExit: Editor shut down
[2015.07.23-21.08.57:936][373]LogParticles: Destroying 0 GPU particle simulations for FXSystem 0x000000A0BA93FCE0
[2015.07.23-21.08.57:936][373]LogExit: Transaction tracking system shut down
[2015.07.23-21.08.57:937][373]LogParticles: Destroying 0 GPU particle simulations for FXSystem 0x000000A0BA3D25C0
[2015.07.23-21.08.57:939][373]LogParticles: Destroying 0 GPU particle simulations for FXSystem 0x000000A0BEF8A200
[2015.07.23-21.08.57:939][373]LogParticles: Destroying 0 GPU particle simulations for FXSystem 0x000000A0BE5F36A0
[2015.07.23-21.08.58:223][373]LogParticles: Destroying 0 GPU particle simulations for FXSystem 0x000000A08295D9E0
[2015.07.23-21.08.58:223][373]LogExit: Object subsystem successfully closed.
[2015.07.23-21.08.58:373][373]LogModuleManager: Shutting down and abandoning module SequencerWidgets (189)
[2015.07.23-21.08.58:373][373]LogModuleManager: Shutting down and abandoning module StatsViewer (188)
[2015.07.23-21.08.58:373][373]LogModuleManager: Shutting down and abandoning module CrashTracker (187)
[2015.07.23-21.08.58:373][373]LogModuleManager: Shutting down and abandoning module SceneOutliner (186)
[2015.07.23-21.08.58:373][373]LogModuleManager: Shutting down and abandoning module SuperSearch (185)
[2015.07.23-21.08.58:373][373]LogModuleManager: Shutting down and abandoning module WidgetCarousel (184)
[2015.07.23-21.08.58:408][373]LogModuleManager: Shutting down and abandoning module AddContentDialog (183)
[2015.07.23-21.08.58:475][373]LogModuleManager: Shutting down and abandoning module EditorWidgets (182)
[2015.07.23-21.08.58:475][373]LogModuleManager: Shutting down and abandoning module CollectionManager (181)
[2015.07.23-21.08.58:522][373]LogModuleManager: Shutting down and abandoning module FoliageEdit (180)
[2015.07.23-21.08.58:527][373]LogModuleManager: Shutting down and abandoning module LandscapeEditor (179)
[2015.07.23-21.08.58:528][373]LogModuleManager: Shutting down and abandoning module ActorPickerMode (178)
[2015.07.23-21.08.58:528][373]LogModuleManager: Shutting down and abandoning module GeometryMode (177)
[2015.07.23-21.08.58:528][373]LogModuleManager: Shutting down and abandoning module TextureAlignMode (176)
[2015.07.23-21.08.58:528][373]LogModuleManager: Shutting down and abandoning module BspMode (175)
[2015.07.23-21.08.58:528][373]LogModuleManager: Shutting down and abandoning module PlacementMode (174)
[2015.07.23-21.08.58:528][373]LogModuleManager: Shutting down and abandoning module AutomationWorker (173)
[2015.07.23-21.08.58:528][373]LogModuleManager: Shutting down and abandoning module CharacterAI (172)
[2015.07.23-21.08.58:528][373]LogModuleManager: Shutting down and abandoning module SmartSnapping (171)
[2015.07.23-21.08.58:528][373]LogModuleManager: Shutting down and abandoning module ViewportSnapping (170)
[2015.07.23-21.08.58:528][373]LogModuleManager: Shutting down and abandoning module LogVisualizer (169)
[2015.07.23-21.08.58:528][373]LogModuleManager: Shutting down and abandoning module GameProjectGeneration (168)
[2015.07.23-21.08.58:528][373]LogModuleManager: Shutting down and abandoning module IntroTutorials (167)
[2015.07.23-21.08.58:528][373]LogModuleManager: Shutting down and abandoning module EditorLiveStreaming (166)
[2015.07.23-21.08.58:528][373]LogModuleManager: Shutting down and abandoning module IOSPlatformEditor (165)
[2015.07.23-21.08.58:528][373]LogModuleManager: Shutting down and abandoning module HTML5PlatformEditor (164)
[2015.07.23-21.08.58:528][373]LogModuleManager: Shutting down and abandoning module AndroidDeviceDetection (163)
[2015.07.23-21.08.59:120][373]LogModuleManager: Shutting down and abandoning module AndroidPlatformEditor (162)
[2015.07.23-21.08.59:120][373]LogModuleManager: Shutting down and abandoning module IOSRuntimeSettings (161)
[2015.07.23-21.08.59:120][373]LogModuleManager: Shutting down and abandoning module AndroidRuntimeSettings (160)
[2015.07.23-21.08.59:120][373]LogModuleManager: Shutting down and abandoning module MergeActors (159)
[2015.07.23-21.08.59:120][373]LogModuleManager: Shutting down and abandoning module SizeMap (158)
[2015.07.23-21.08.59:120][373]LogModuleManager: Shutting down and abandoning module TreeMap (157)
[2015.07.23-21.08.59:120][373]LogModuleManager: Shutting down and abandoning module ReferenceViewer (156)
[2015.07.23-21.08.59:120][373]LogModuleManager: Shutting down and abandoning module LocalizationDashboard (155)
[2015.07.23-21.08.59:120][373]LogModuleManager: Shutting down and abandoning module HardwareTargeting (154)
[2015.07.23-21.08.59:120][373]LogModuleManager: Shutting down and abandoning module DeviceProfileEditor (153)
[2015.07.23-21.08.59:120][373]LogModuleManager: Shutting down and abandoning module UndoHistory (152)
[2015.07.23-21.08.59:120][373]LogModuleManager: Shutting down and abandoning module GameplayTagsEditor (151)
[2015.07.23-21.08.59:120][373]LogModuleManager: Shutting down and abandoning module UserFeedback (150)
[2015.07.23-21.08.59:120][373]LogModuleManager: Shutting down and abandoning module XmlParser (149)
[2015.07.23-21.08.59:120][373]LogModuleManager: Shutting down and abandoning module Blutility (148)
[2015.07.23-21.08.59:120][373]LogModuleManager: Shutting down and abandoning module ProjectTargetPlatformEditor (147)
[2015.07.23-21.08.59:120][373]LogModuleManager: Shutting down and abandoning module ProjectSettingsViewer (146)
[2015.07.23-21.08.59:120][373]LogModuleManager: Shutting down and abandoning module InputBindingEditor (145)
[2015.07.23-21.08.59:120][373]LogModuleManager: Shutting down and abandoning module EditorSettingsViewer (144)
[2015.07.23-21.08.59:120][373]LogModuleManager: Shutting down and abandoning module SettingsEditor (143)
[2015.07.23-21.08.59:120][373]LogModuleManager: Shutting down and abandoning module ProjectLauncher (142)
[2015.07.23-21.08.59:120][373]LogModuleManager: Shutting down and abandoning module SessionFrontend (141)
[2015.07.23-21.08.59:120][373]LogModuleManager: Shutting down and abandoning module ProfilerClient (140)
[2015.07.23-21.08.59:120][373]LogModuleManager: Shutting down and abandoning module TargetDeviceServices (139)
[2015.07.23-21.08.59:120][373]LogModuleManager: Shutting down and abandoning module DeviceManager (138)
[2015.07.23-21.08.59:121][373]LogModuleManager: Shutting down and abandoning module AutomationController (137)
[2015.07.23-21.08.59:121][373]LogModuleManager: Shutting down and abandoning module AutomationWindow (136)
[2015.07.23-21.08.59:121][373]LogModuleManager: Shutting down and abandoning module Layers (135)
[2015.07.23-21.08.59:121][373]LogModuleManager: Shutting down and abandoning module ComponentVisualizers (134)
[2015.07.23-21.08.59:121][373]LogModuleManager: Shutting down and abandoning module DetailCustomizations (133)
[2015.07.23-21.08.59:121][373]LogModuleManager: Shutting down and abandoning module PackagesDialog (132)
[2015.07.23-21.08.59:121][373]LogModuleManager: Shutting down and abandoning module AssetRegistry (131)
[2015.07.23-21.08.59:348][373]LogModuleManager: Shutting down and abandoning module Persona (130)
[2015.07.23-21.08.59:348][373]LogModuleManager: Shutting down and abandoning module Kismet (129)
[2015.07.23-21.08.59:348][373]LogModuleManager: Shutting down and abandoning module GraphEditor (128)
[2015.07.23-21.08.59:348][373]LogModuleManager: Shutting down and abandoning module ClassViewer (127)
[2015.07.23-21.08.59:348][373]LogModuleManager: Shutting down and abandoning module Toolbox (126)
[2015.07.23-21.08.59:348][373]LogModuleManager: Shutting down and abandoning module ModuleUI (125)
[2015.07.23-21.08.59:348][373]LogModuleManager: Shutting down and abandoning module MovieSceneTools (124)
[2015.07.23-21.08.59:348][373]LogModuleManager: Shutting down and abandoning module OutputLog (123)
[2015.07.23-21.08.59:348][373]LogModuleManager: Shutting down and abandoning module GammaUI (122)
[2015.07.23-21.08.59:348][373]LogModuleManager: Shutting down and abandoning module Documentation (121)
[2015.07.23-21.08.59:348][373]LogModuleManager: Shutting down and abandoning module GameLiveStreaming (120)
[2015.07.23-21.08.59:348][373]LogModuleManager: Shutting down and abandoning module StreamingPauseRendering (119)
[2015.07.23-21.08.59:348][373]LogModuleManager: Shutting down and abandoning module AnalyticsET (118)
[2015.07.23-21.08.59:348][373]LogModuleManager: Shutting down and abandoning module Analytics (117)
[2015.07.23-21.08.59:348][373]LogModuleManager: Shutting down and abandoning module AITestSuite (116)
[2015.07.23-21.08.59:348][373]LogModuleManager: Shutting down and abandoning module GameplayDebugger (115)
[2015.07.23-21.08.59:348][373]LogModuleManager: Shutting down and abandoning module AIModule (114)
[2015.07.23-21.08.59:348][373]LogModuleManager: Shutting down and abandoning module ProfilerService (113)
[2015.07.23-21.08.59:383][373]LogModuleManager: Shutting down and abandoning module TaskGraph (112)
[2015.07.23-21.08.59:383][373]LogModuleManager: Shutting down and abandoning module SlateRemote (111)
[2015.07.23-21.08.59:383][373]LogModuleManager: Shutting down and abandoning module SteamVRController (110)
[2015.07.23-21.08.59:383][373]LogModuleManager: Shutting down and abandoning module SteamVR (109)
[2015.07.23-21.08.59:383][373]LogModuleManager: Shutting down and abandoning module ProceduralMeshComponent (108)
[2015.07.23-21.08.59:383][373]LogModuleManager: Shutting down and abandoning module OculusRift (107)
[2015.07.23-21.08.59:383][373]LogModuleManager: Shutting down and abandoning module LeapMotionController (106)
[2015.07.23-21.08.59:392][373]LogModuleManager: Shutting down and abandoning module CustomMeshComponent (105)
[2015.07.23-21.08.59:392][373]LogModuleManager: Shutting down and abandoning module CableComponent (104)
[2015.07.23-21.08.59:392][373]LogModuleManager: Shutting down and abandoning module MessagingDebugger (103)
[2015.07.23-21.08.59:392][373]LogModuleManager: Shutting down and abandoning module MediaPlayerEditor (102)
[2015.07.23-21.08.59:392][373]LogModuleManager: Shutting down and abandoning module SpeedTreeImporter (101)
[2015.07.23-21.08.59:392][373]LogModuleManager: Shutting down and abandoning module PluginBrowser (100)
[2015.07.23-21.08.59:392][373]LogModuleManager: Shutting down and abandoning module EpicSurvey (99)
[2015.07.23-21.08.59:475][373]LogModuleManager: Shutting down and abandoning module DesktopPlatform (98)
[2015.07.23-21.08.59:475][373]LogModuleManager: Shutting down and abandoning module VisualStudioSourceCodeAccess (97)
[2015.07.23-21.08.59:475][373]LogModuleManager: Shutting down and abandoning module UObjectPlugin (96)
[2015.07.23-21.08.59:475][373]LogModuleManager: Shutting down and abandoning module SubversionSourceControl (95)
[2015.07.23-21.08.59:475][373]LogModuleManager: Shutting down and abandoning module PerforceSourceControl (94)
[2015.07.23-21.08.59:475][373]LogModuleManager: Shutting down and abandoning module SourceControl (93)
[2015.07.23-21.08.59:475][373]LogModuleManager: Shutting down and abandoning module GitSourceControl (92)
[2015.07.23-21.08.59:475][373]LogModuleManager: Shutting down and abandoning module BlankPlugin (91)
[2015.07.23-21.08.59:475][373]LogModuleManager: Shutting down and abandoning module PaperTiledImporter (90)
[2015.07.23-21.08.59:475][373]LogModuleManager: Shutting down and abandoning module PaperSpriteSheetImporter (89)
[2015.07.23-21.08.59:475][373]LogModuleManager: Shutting down and abandoning module MeshPaint (88)
[2015.07.23-21.08.59:475][373]LogModuleManager: Shutting down and abandoning module SlateReflector (87)
[2015.07.23-21.08.59:475][373]LogModuleManager: Shutting down and abandoning module DirectoryWatcher (86)
[2015.07.23-21.08.59:476][373]LogModuleManager: Shutting down and abandoning module HotReload (85)
[2015.07.23-21.08.59:476][373]LogModuleManager: Shutting down and abandoning module MainFrame (84)
[2015.07.23-21.08.59:476][373]LogModuleManager: Shutting down and abandoning module LevelEditor (83)
[2015.07.23-21.08.59:477][373]LogModuleManager: Shutting down and abandoning module ContentBrowser (82)
[2015.07.23-21.08.59:478][373]LogModuleManager: Shutting down and abandoning module Paper2DEditor (81)
[2015.07.23-21.08.59:478][373]LogModuleManager: Shutting down and abandoning module UdpMessaging (80)
[2015.07.23-21.08.59:579][373]LogModuleManager: Shutting down and abandoning module Paper2D (79)
[2015.07.23-21.08.59:579][373]LogModuleManager: Shutting down and abandoning module WindowsMoviePlayer (78)
[2015.07.23-21.08.59:582][373]LogModuleManager: Shutting down and abandoning module Media (77)
[2015.07.23-21.08.59:582][373]LogModuleManager: Shutting down and abandoning module WmfMedia (76)
[2015.07.23-21.08.59:582][373]LogModuleManager: Shutting down and abandoning module OnlineBlueprintSupport (75)
[2015.07.23-21.08.59:582][373]LogModuleManager: Shutting down and abandoning module PropertyEditor (74)
[2015.07.23-21.08.59:582][373]LogModuleManager: Shutting down and abandoning module BehaviorTreeEditor (73)
[2015.07.23-21.08.59:582][373]LogModuleManager: Shutting down and abandoning module FunctionalTesting (72)
[2015.07.23-21.08.59:582][373]LogModuleManager: Shutting down and abandoning module CollisionAnalyzer (71)
[2015.07.23-21.08.59:582][373]LogModuleManager: Shutting down and abandoning module WorkspaceMenuStructure (70)
[2015.07.23-21.08.59:582][373]LogModuleManager: Shutting down and abandoning module MessageLog (69)
[2015.07.23-21.08.59:582][373]LogModuleManager: Shutting down and abandoning module Sequencer (68)
[2015.07.23-21.08.59:582][373]LogModuleManager: Shutting down and abandoning module AssetTools (67)
[2015.07.23-21.08.59:582][373]LogModuleManager: Shutting down and abandoning module UMGEditor (66)
[2015.07.23-21.08.59:582][373]LogModuleManager: Shutting down and abandoning module UMG (65)
[2015.07.23-21.08.59:582][373]LogModuleManager: Shutting down and abandoning module Slate (64)
[2015.07.23-21.08.59:582][373]LogModuleManager: Shutting down and abandoning module EditorStyle (63)
[2015.07.23-21.08.59:586][373]LogModuleManager: Shutting down and abandoning module SessionServices (62)
[2015.07.23-21.08.59:586][373]LogModuleManager: Shutting down and abandoning module SourceCodeAccess (61)
[2015.07.23-21.08.59:586][373]LogModuleManager: Shutting down and abandoning module HeadMountedDisplay (60)
[2015.07.23-21.08.59:586][373]LogModuleManager: Shutting down and abandoning module XAudio2 (59)
[2015.07.23-21.08.59:586][373]LogModuleManager: Shutting down and abandoning module Networking (57)
[2015.07.23-21.08.59:586][373]LogModuleManager: Shutting down and abandoning module Core (56)
[2015.07.23-21.08.59:586][373]LogModuleManager: Shutting down and abandoning module KismetCompiler (55)
[2015.07.23-21.08.59:586][373]LogModuleManager: Shutting down and abandoning module PhysXFormats (54)
[2015.07.23-21.08.59:586][373]LogModuleManager: Shutting down and abandoning module MeshUtilities (53)
[2015.07.23-21.08.59:586][373]LogModuleManager: Shutting down and abandoning module DerivedDataCache (52)
[2015.07.23-21.08.59:596][373]LogDerivedDataCache: Shutdown
[2015.07.23-21.08.59:596][373]LogModuleManager: Shutting down and abandoning module ShaderFormatOpenGL (51)
[2015.07.23-21.08.59:596][373]LogModuleManager: Shutting down and abandoning module ShaderFormatD3D (50)
[2015.07.23-21.08.59:596][373]LogModuleManager: Shutting down and abandoning module MetalShaderFormat (49)
[2015.07.23-21.08.59:596][373]LogModuleManager: Shutting down and abandoning module TextureFormatUncompressed (48)
[2015.07.23-21.08.59:596][373]LogModuleManager: Shutting down and abandoning module TextureFormatPVR (47)
[2015.07.23-21.08.59:596][373]LogModuleManager: Shutting down and abandoning module TextureFormatIntelISPCTexComp (46)
[2015.07.23-21.08.59:596][373]LogModuleManager: Shutting down and abandoning module TextureFormatDXT (45)
[2015.07.23-21.08.59:596][373]LogModuleManager: Shutting down and abandoning module ImageWrapper (44)
[2015.07.23-21.08.59:596][373]LogModuleManager: Shutting down and abandoning module TextureFormatASTC (43)
[2015.07.23-21.08.59:596][373]LogModuleManager: Shutting down and abandoning module TextureFormatAndroid (42)
[2015.07.23-21.08.59:596][373]LogModuleManager: Shutting down and abandoning module AudioFormatOpus (41)
[2015.07.23-21.08.59:596][373]LogModuleManager: Shutting down and abandoning module AudioFormatOgg (40)
[2015.07.23-21.08.59:596][373]LogModuleManager: Shutting down and abandoning module AudioFormatADPCM (39)
[2015.07.23-21.08.59:596][373]LogModuleManager: Shutting down and abandoning module LinuxTargetPlatform (38)
[2015.07.23-21.08.59:596][373]LogModuleManager: Shutting down and abandoning module LinuxServerTargetPlatform (37)
[2015.07.23-21.08.59:596][373]LogModuleManager: Shutting down and abandoning module LinuxNoEditorTargetPlatform (36)
[2015.07.23-21.08.59:596][373]LogModuleManager: Shutting down and abandoning module Messaging (35)
[2015.07.23-21.08.59:596][373]LogModuleManager: Shutting down and abandoning module IOSTargetPlatform (34)
[2015.07.23-21.08.59:596][373]LogModuleManager: Shutting down and abandoning module HTML5TargetPlatform (33)
[2015.07.23-21.08.59:596][373]LogModuleManager: Shutting down and abandoning module Android_PVRTCTargetPlatform (32)
[2015.07.23-21.08.59:596][373]LogModuleManager: Shutting down and abandoning module Android_ETC2TargetPlatform (31)
[2015.07.23-21.08.59:596][373]LogModuleManager: Shutting down and abandoning module Android_ETC1TargetPlatform (30)
[2015.07.23-21.08.59:596][373]LogModuleManager: Shutting down and abandoning module Android_DXTTargetPlatform (29)
[2015.07.23-21.08.59:596][373]LogModuleManager: Shutting down and abandoning module Android_ATCTargetPlatform (28)
[2015.07.23-21.08.59:596][373]LogModuleManager: Shutting down and abandoning module Android_ASTCTargetPlatform (27)
[2015.07.23-21.08.59:596][373]LogModuleManager: Shutting down and abandoning module AndroidTargetPlatform (26)
[2015.07.23-21.08.59:596][373]LogModuleManager: Shutting down and abandoning module WindowsTargetPlatform (25)
[2015.07.23-21.08.59:596][373]LogModuleManager: Shutting down and abandoning module WindowsServerTargetPlatform (24)
[2015.07.23-21.08.59:596][373]LogModuleManager: Shutting down and abandoning module WindowsNoEditorTargetPlatform (23)
[2015.07.23-21.08.59:596][373]LogModuleManager: Shutting down and abandoning module WindowsClientTargetPlatform (22)
[2015.07.23-21.08.59:596][373]LogModuleManager: Shutting down and abandoning module DesktopTargetPlatform (21)
[2015.07.23-21.08.59:596][373]LogModuleManager: Shutting down and abandoning module TargetPlatform (20)
[2015.07.23-21.08.59:596][373]LogModuleManager: Shutting down and abandoning module InputCore (19)
[2015.07.23-21.08.59:596][373]LogModuleManager: Shutting down and abandoning module Settings (18)
[2015.07.23-21.08.59:596][373]LogModuleManager: Shutting down and abandoning module OnlineSubsystem (16)
[2015.07.23-21.08.59:596][373]LogModuleManager: Shutting down and abandoning module HTTP (15)
[2015.07.23-21.08.59:596][373]LogModuleManager: Shutting down and abandoning module ExampleDeviceProfileSelector (14)
[2015.07.23-21.08.59:596][373]LogModuleManager: Shutting down and abandoning module TextureCompressor (13)
[2015.07.23-21.08.59:597][373]LogModuleManager: Shutting down and abandoning module ShaderCore (12)
[2015.07.23-21.08.59:597][373]LogModuleManager: Shutting down and abandoning module Landscape (11)
[2015.07.23-21.08.59:597][373]LogModuleManager: Shutting down and abandoning module SlateRHIRenderer (10)
[2015.07.23-21.08.59:601][373]LogModuleManager: Shutting down and abandoning module OpenGLDrv (9)
[2015.07.23-21.08.59:601][373]LogModuleManager: Shutting down and abandoning module D3D11RHI (8)
[2015.07.23-21.08.59:601][373]LogModuleManager: Shutting down and abandoning module Renderer (7)
[2015.07.23-21.08.59:601][373]LogModuleManager: Shutting down and abandoning module Engine (6)
[2015.07.23-21.08.59:601][373]LogModuleManager: Shutting down and abandoning module CoreUObject (5)
[2015.07.23-21.08.59:601][373]LogModuleManager: Shutting down and abandoning module NetworkFile (4)
[2015.07.23-21.08.59:601][373]LogModuleManager: Shutting down and abandoning module StreamingFile (3)
[2015.07.23-21.08.59:601][373]LogModuleManager: Shutting down and abandoning module SandboxFile (2)
[2015.07.23-21.08.59:601][373]LogModuleManager: Shutting down and abandoning module PakFile (1)
[2015.07.23-21.08.59:601][373]LogExit: Exiting.
[2015.07.23-21.08.59:616][373]Log file closed, 07/23/15 14:08:59
