[2015.07.29-16.58.17:238][  0]Log file open, 07/29/15 09:58:17
[2015.07.29-16.58.17:238][  0]LogInit:Display: Running engine for game: TempleGenesis
[2015.07.29-16.58.17:238][  0]LogInit:Display: RandInit(-961687913) SRandInit(-961687912).
[2015.07.29-16.58.17:238][  0]LogTaskGraph: Started task graph with 4 named threads and 5 total threads.
[2015.07.29-16.58.17:238][  0]LogStats: Stats thread started
[2015.07.29-16.58.17:238][  0]LogInit: Version: 4.8.1-2591939+++depot+UE4-Releases+4.8
[2015.07.29-16.58.17:238][  0]LogInit: API Version: 2579680
[2015.07.29-16.58.17:238][  0]LogInit: Compiled (64-bit): Jun 18 2015 11:02:04
[2015.07.29-16.58.17:238][  0]LogInit: Compiled with Visual C++: 18.00.21005.01
[2015.07.29-16.58.17:238][  0]LogInit: Build Configuration: Development
[2015.07.29-16.58.17:238][  0]LogInit: Branch Name: ++depot+UE4-Releases+4.8
[2015.07.29-16.58.17:238][  0]LogInit: Command line:  
[2015.07.29-16.58.17:238][  0]LogInit: Base directory: C:/Program Files/Epic Games/4.8/Engine/Binaries/Win64/
[2015.07.29-16.58.17:238][  0]LogInit: Rocket: 1
[2015.07.29-16.58.17:347][  0]LogInit: Using libcurl 7.41.0
[2015.07.29-16.58.17:347][  0]LogInit:  - built for x86_64-pc-win32
[2015.07.29-16.58.17:347][  0]LogInit:  - supports SSL with WinSSL
[2015.07.29-16.58.17:347][  0]LogInit:  - other features:
[2015.07.29-16.58.17:347][  0]LogInit:      CURL_VERSION_SSL
[2015.07.29-16.58.17:347][  0]LogInit:      CURL_VERSION_IPV6
[2015.07.29-16.58.17:347][  0]LogInit:      CURL_VERSION_ASYNCHDNS
[2015.07.29-16.58.17:347][  0]LogInit:      CURL_VERSION_LARGEFILE
[2015.07.29-16.58.17:347][  0]LogInit:      CURL_VERSION_IDN
[2015.07.29-16.58.17:347][  0]LogInit:  CurlRequestOptions (configurable via config and command line):
[2015.07.29-16.58.17:347][  0]LogInit:  - bVerifyPeer = true  - Libcurl will verify peer certificate
[2015.07.29-16.58.17:347][  0]LogInit:  - bUseHttpProxy = false  - Libcurl will NOT use HTTP proxy
[2015.07.29-16.58.17:347][  0]LogInit:  - bDontReuseConnections = false  - Libcurl will reuse connections
[2015.07.29-16.58.17:347][  0]LogInit:  - CertBundlePath = nullptr  - Libcurl will use whatever was configured at build time.
[2015.07.29-16.58.17:394][  0]LogOnline:Warning: No default platform service specified for OnlineSubsystem
[2015.07.29-16.58.17:582][  0]LogInit: Presizing for 0 objects not considered by GC, pre-allocating 0 bytes.
[2015.07.29-16.58.17:597][  0]LogInit: Object subsystem initialized
[2015.07.29-16.58.17:597][  0]LogConsoleResponse:Warning: Skipping Unknown console variable: 'TranslucentSortAxis = (X=0.000000,Y=-1.000000,Z=0.000000)'
[2015.07.29-16.58.17:597][  0]LogConsoleResponse:Warning:   Found in ini file 'C:/Users/Kyle/Desktop/Classes/GSP340-Level Design/Temple-Genesis/TempleGenesis/Saved/Config/Windows/Engine.ini', in section '[/Script/Engine.RendererSettings]'
[2015.07.29-16.58.17:597][  0]LogConsoleResponse:Warning: Skipping Unknown console variable: 'UIScaleRule = ShortestSide'
[2015.07.29-16.58.17:597][  0]LogConsoleResponse:Warning:   Found in ini file 'C:/Users/Kyle/Desktop/Classes/GSP340-Level Design/Temple-Genesis/TempleGenesis/Saved/Config/Windows/Engine.ini', in section '[/Script/Engine.RendererSettings]'
[2015.07.29-16.58.17:597][  0]LogConsoleResponse:Warning: Skipping Unknown console variable: 'UIScaleCurve = (EditorCurveData=(Keys=),ExternalCurve=None)'
[2015.07.29-16.58.17:597][  0]LogConsoleResponse:Warning:   Found in ini file 'C:/Users/Kyle/Desktop/Classes/GSP340-Level Design/Temple-Genesis/TempleGenesis/Saved/Config/Windows/Engine.ini', in section '[/Script/Engine.RendererSettings]'
[2015.07.29-16.58.17:613][  0]LogInit: Selected Device Profile: [Windows]
[2015.07.29-16.58.17:613][  0]LogInit: Applying CVar settings loaded from the selected device profile: [Windows]
[2015.07.29-16.58.17:671][  0]LogInit: Computer: THETRAVELER
[2015.07.29-16.58.17:671][  0]LogInit: User: Kyle
[2015.07.29-16.58.17:671][  0]LogInit: CPU Page size=4096, Cores=2
[2015.07.29-16.58.17:671][  0]LogInit: High frequency timer resolution =2.338340 MHz
[2015.07.29-16.58.17:671][  0]LogMemory: Memory total: Physical=7.9GB (8GB approx)
[2015.07.29-16.58.17:671][  0]LogMemory: Platform Memory Stats for Windows
[2015.07.29-16.58.17:671][  0]LogMemory: Process Physical Memory: 47.98 MB used, 47.98 MB peak
[2015.07.29-16.58.17:671][  0]LogMemory: Process Virtual Memory: 24.33 MB used, 24.33 MB peak
[2015.07.29-16.58.17:671][  0]LogMemory: Physical Memory: 3142.40 MB used, 8115.27 MB total
[2015.07.29-16.58.17:671][  0]LogMemory: Virtual Memory: 292.96 MB used, 134217728.00 MB total
[2015.07.29-16.58.19:340][  0]LogTextLocalizationManager: The requested culture ('en_US') has no localization data; parent culture's ('en') localization data will be used.
[2015.07.29-16.58.19:864][  0]LogTextLocalizationManager:Warning: Loaded localization resources contain conflicting entries for (Namespace:ContentBrowser, Key:ImportAssetToolTip):
Localization Resource: (C:/Program Files/Epic Games/4.8/Engine/Content/Localization/Editor/en/Editor.locres) Source String Hash: (-630476809) Localized String: (Import to {0}...)
Localization Resource: (C:/Program Files/Epic Games/4.8/Engine/Content/Localization/Editor/en/Editor.locres) Source String Hash: (1271782899) Localized String: (Imports an asset from file to this folder.)
[2015.07.29-16.58.20:974][  0]LogD3D11RHI: Found D3D11 adapter 0: NVIDIA GeForce 840M (Feature Level 11_0)
[2015.07.29-16.58.20:974][  0]LogD3D11RHI: Adapter has 1972MB of dedicated video memory, 0MB of dedicated system memory, and 2048MB of shared system memory, 1 output[s]
[2015.07.29-16.58.20:988][  0]LogD3D11RHI: Found D3D11 adapter 1: Intel(R) HD Graphics Family (Feature Level 11_0)
[2015.07.29-16.58.20:988][  0]LogD3D11RHI: Adapter has 0MB of dedicated video memory, 0MB of dedicated system memory, and 1792MB of shared system memory, 0 output[s]
[2015.07.29-16.58.20:990][  0]LogD3D11RHI: Found D3D11 adapter 2: Microsoft Basic Render Driver (Feature Level 11_0)
[2015.07.29-16.58.20:991][  0]LogD3D11RHI: Adapter has 0MB of dedicated video memory, 0MB of dedicated system memory, and 256MB of shared system memory, 0 output[s]
[2015.07.29-16.58.20:991][  0]LogD3D11RHI: Chosen D3D11 Adapter Id = 0
[2015.07.29-16.58.21:001][  0]LogRHI: Texture pool is 1361 MB (70% of 1945 MB)
[2015.07.29-16.58.21:025][  0]LogD3D11RHI: Async texture creation enabled
[2015.07.29-16.58.21:051][  0]LogShaderCompilers:Display: Using Local Shader Compiler.
[2015.07.29-16.58.29:319][  0]LogTemp:Display: Loaded TP DesktopTargetPlatform
[2015.07.29-16.58.29:389][  0]LogTemp:Display: Loaded TP WindowsClientTargetPlatform
[2015.07.29-16.58.29:456][  0]LogTemp:Display: Loaded TP WindowsNoEditorTargetPlatform
[2015.07.29-16.58.29:522][  0]LogTemp:Display: Loaded TP WindowsServerTargetPlatform
[2015.07.29-16.58.29:594][  0]LogTemp:Display: Loaded TP WindowsTargetPlatform
[2015.07.29-16.58.29:645][  0]LogTemp:Display: Loaded TP AndroidTargetPlatform
[2015.07.29-16.58.29:683][  0]LogTemp:Display: Loaded TP Android_ASTCTargetPlatform
[2015.07.29-16.58.29:720][  0]LogTemp:Display: Loaded TP Android_ATCTargetPlatform
[2015.07.29-16.58.29:757][  0]LogTemp:Display: Loaded TP Android_DXTTargetPlatform
[2015.07.29-16.58.29:787][  0]LogTemp:Display: Loaded TP Android_ETC1TargetPlatform
[2015.07.29-16.58.29:811][  0]LogTemp:Display: Loaded TP Android_ETC2TargetPlatform
[2015.07.29-16.58.29:835][  0]LogTemp:Display: Loaded TP Android_PVRTCTargetPlatform
[2015.07.29-16.58.30:178][  0]LogTemp:Display: Loaded TP IOSTargetPlatform
[2015.07.29-16.58.30:239][  0]LogTemp:Display: Loaded TP LinuxNoEditorTargetPlatform
[2015.07.29-16.58.30:297][  0]LogTemp:Display: Loaded TP LinuxServerTargetPlatform
[2015.07.29-16.58.30:366][  0]LogTemp:Display: Loaded TP LinuxTargetPlatform
[2015.07.29-16.58.30:366][  0]LogTargetPlatformManager:Display: Building Assets For Windows
[2015.07.29-16.58.32:575][  0]LogDerivedDataCache:Display: Max Cache Size: 512 MB
[2015.07.29-16.58.33:325][  0]LogDerivedDataCache: Loaded boot cache 0.74s 53MB C:/Users/Kyle/AppData/Local/UnrealEngine/4.8/DerivedDataCache/Boot.ddc.
[2015.07.29-16.58.33:326][  0]LogDerivedDataCache:Display: Loaded Boot cache: C:/Users/Kyle/AppData/Local/UnrealEngine/4.8/DerivedDataCache/Boot.ddc
[2015.07.29-16.58.33:344][  0]LogDerivedDataCache: FDerivedDataBackendGraph:  Pak pak cache file ../../../../../../Users/Kyle/Desktop/Classes/GSP340-Level Design/Temple-Genesis/TempleGenesis/DerivedDataCache/DDC.ddp not found, will not use a pak cache.
[2015.07.29-16.58.33:344][  0]LogDerivedDataCache: Unable to find inner node Pak for hierarchical cache Hierarchy.
[2015.07.29-16.58.33:344][  0]LogDerivedDataCache: FDerivedDataBackendGraph:  CompressedPak pak cache file ../../../../../../Users/Kyle/Desktop/Classes/GSP340-Level Design/Temple-Genesis/TempleGenesis/DerivedDataCache/Compressed.ddp not found, will not use a pak cache.
[2015.07.29-16.58.33:344][  0]LogDerivedDataCache: Unable to find inner node CompressedPak for hierarchical cache Hierarchy.
[2015.07.29-16.58.33:778][  0]LogDerivedDataCache:Display: Pak cache opened for reading ../../../Engine/DerivedDataCache/Compressed.ddp.
[2015.07.29-16.58.33:861][  0]LogDerivedDataCache: Using Local data cache path C:/Users/Kyle/AppData/Local/UnrealEngine/Common/DerivedDataCache: Writable
[2015.07.29-16.58.53:123][  0]LogInit: Selected Device Profile: [Windows]
[2015.07.29-16.58.55:133][  0]ImportText (ComponentSweepMultiTests): Missing closing parenthesis: (RootShapeAsset="/Engine/BasicShapes/Cube.Cube",ShapeType="TriggerCapsule",HitResult=(Time=0.50,Location=(X=-100.000015,Y=0.0,Z=100.000015),ImpactPoint=(X=-50.0,Y=0.0,Z=50.0),Normal=(X=-1.0,Y=-0.0,Z=0.0),ImpactNormal=(X=0.0,Y=0.0,Z=1.0),TraceStart=(X=-200.0,Y=0.0,Z=200.0),TraceEnd=(X=0.0,Y=0.0,Z=0.0))
[2015.07.29-16.58.55:135][  0]ImportText (LineTraceSingleByChannelTests): Missing closing parenthesis: (RootShapeAsset="/Engine/BasicShapes/Cube.Cube",HitResult=(Time=0.50,Location=(X=-100.000015,Y=0.0,Z=100.000015),ImpactPoint=(X=-50.0,Y=0.0,Z=50.0),Normal=(X=-1.0,Y=-0.0,Z=0.0),ImpactNormal=(X=0.0,Y=0.0,Z=1.0),TraceStart=(X=-200.0,Y=0.0,Z=200.0),TraceEnd=(X=0.0,Y=0.0,Z=0.0))
[2015.07.29-16.58.55:780][  0]LogMeshUtilities: No automatic mesh reduction module available
[2015.07.29-16.58.55:780][  0]LogMeshUtilities: No automatic mesh merging module available
[2015.07.29-16.59.05:894][  0]LogInit: WinSock: version 1.1 (2.2), MaxSocks=32767, MaxUdp=65467
[2015.07.29-16.59.39:519][  0]UdpMessaging: Initializing bridge on interface 0.0.0.0:0 to multicast group 230.0.0.1:6666.
[2015.07.29-16.59.43:585][  0]SourceControl: Info Source control is disabled
[2015.07.29-16.59.43:669][  0]SourceControl: Info Source control is disabled
[2015.07.29-16.59.43:734][  0]SourceControl: Info Source control is disabled
[2015.07.29-16.59.43:814][  0]SourceControl: Info Source control is disabled
[2015.07.29-16.59.46:597][  0]LogObj: 26273 objects as part of root set at end of initial load.
[2015.07.29-16.59.46:597][  0]LogUObjectAllocator: 5409248 out of 0 bytes used by permanent object pool.
[2015.07.29-16.59.47:922][  0]LogEngine: Initializing Engine...
[2015.07.29-16.59.47:949][  0]LogHMD: Can't find Oculus library dev build: is proper Runtime installed? Version: 0.6.0.0
[2015.07.29-16.59.48:084][  0]LogHMD:Warning: SteamVR failed to initialize.  Error: 110
[2015.07.29-16.59.50:027][  0]LogAIModule: Creating AISystem for world NewWorld
[2015.07.29-16.59.50:241][  0]LogInit: XAudio2 using 'Speakers (Realtek High Definition Audio)' : 2 channels at 48 kHz using 32 bits per sample (channel mask 0x3)
[2015.07.29-16.59.50:349][  0]LogInit: FAudioDevice initialized.
[2015.07.29-16.59.50:449][  0]LogDerivedDataCache: Saved boot cache 0.10s 53MB C:/Users/Kyle/AppData/Local/UnrealEngine/4.8/DerivedDataCache/Boot.ddc.
[2015.07.29-16.59.50:484][  0]LogInit: Texture streaming: Disabled
[2015.07.29-16.59.50:638][  0]LogAnalytics: Creating configured Analytics provider AnalyticsET
[2015.07.29-16.59.50:660][  0]LogAnalytics: [UEEditor.Rocket.Release] APIServer = http://et2.epicgames.com/ET2/. AppVersion = 4.8.1-2591939+++depot+UE4-Releases+4.8
[2015.07.29-16.59.50:660][  0]LogAnalytics: [UEEditor.Rocket.Release] SetUserId 201468914df752e89d7d1bb4bc74ed1f|7cacb4d63c634bb8a4e14ec85199b10c|2afffc5c-896e-4cab-91de-f55d774ca005
[2015.07.29-16.59.50:661][  0]LogAnalytics: [UEEditor.Rocket.Release] AnalyticsET::StartSession
[2015.07.29-16.59.51:195][  0]LogInit: Transaction tracking system initialized
[2015.07.29-16.59.53:465][  0]BlueprintLog: New page: Editor Load
[2015.07.29-16.59.53:608][  0]LogAssetRegistry: FAssetRegistry took 0.0132 seconds to start up
[2015.07.29-16.59.53:624][  0]LogDirectoryWatcher:Warning: Failed to begin reading directory changes for ../../../Engine/Plugins/Experimental/CharacterAI/Content/. Error: 0
[2015.07.29-17.00.08:590][  0]LogLinker:Warning: Asset '../../../Engine/Content/Tutorial/Basics/FeaturePacks.uasset' has been saved with empty engine version. The asset will be loaded but may be incompatible.
[2015.07.29-17.00.10:588][  0]LogConsoleManager:Warning: Console variable 'r.VSync' wasn't set ('GameSetting' has a lower priority than 'SystemSettingsIni')
[2015.07.29-17.00.10:588][  0]LogConsoleResponse:Display: 
[2015.07.29-17.00.15:432][  0]LogCook:Display: Done creating registry. It took  0.00s.
[2015.07.29-17.00.19:827][  0]SourceControl: Info Source control is disabled
[2015.07.29-17.00.20:023][  0]LogEditorServer:Warning: Can't find file '../../../../../../Users/Kyle/Desktop/Classes/GSP340-Level Design/Temple-Genesis/TempleGenesis/Content/ThirdPersonBP/Maps/ThirdPersonExampleMap.umap'
[2015.07.29-17.00.20:023][  0]Cmd: MAP CHECKDEP NOCLEARLOG
[2015.07.29-17.00.20:580][  0]MapCheck: Info Map check complete: 0 Error(s), 0 Warning(s), took 556.037ms to complete.
[2015.07.29-17.00.20:580][  0]LogFileHelpers: Loading map 'ThirdPersonExampleMap' took 0.656
[2015.07.29-17.00.28:333][  0]LogCollectionManager: Loaded 0 collections in 0.003195 seconds
[2015.07.29-17.00.28:370][  0]LogContentBrowser: Native class hierarchy populated in 0.0357 seconds. Added 1792 classes and 301 folders.
[2015.07.29-17.00.28:811][  0]LogContentBrowser: Native class hierarchy updated for 'WidgetCarousel' in 0.0017 seconds. Added 0 classes and 0 folders.
[2015.07.29-17.00.29:670][  0]LogContentBrowser: Native class hierarchy updated for 'AddContentDialog' in 0.0013 seconds. Added 0 classes and 0 folders.
[2015.07.29-17.00.29:809][  0]LogContentBrowser: Native class hierarchy updated for 'SceneOutliner' in 0.0014 seconds. Added 1 classes and 2 folders.
[2015.07.29-17.00.31:367][  0]LogCrashTracker: Crashtracker disabled due to settings.
[2015.07.29-17.00.31:613][  0]LogUObjectGlobals:Warning: Failed to find object 'Class None.'
[2015.07.29-17.00.31:692][  0]LogLoad: Full Startup: 139.04 seconds (BP compile: 1.67 seconds)
[2015.07.29-17.00.34:288][  0]LogContentStreaming: Texture pool size is 0.000000MB
[2015.07.29-17.00.34:661][  0]LogContentStreaming: Texture pool size now 1000 MB
[2015.07.29-17.00.35:878][  0]LogRenderer: Reallocating scene render targets to support 936x440 (Frame:2).
[2015.07.29-17.00.42:525][ 12]LogAssetRegistry: Asset discovery search completed in 48.9291 seconds
[2015.07.29-17.01.08:110][246]LogPlayLevel: PIE:  No blueprints needed recompiling
[2015.07.29-17.01.08:363][246]PIE: New page: PIE session: Untitled_0 (Jul 29, 2015, 3:01:08 AM)
[2015.07.29-17.01.08:365][246]LogPlayLevel: Creating play world package: /Temp/UEDPIE_0_Untitled_0
[2015.07.29-17.01.08:385][246]LogPlayLevel: PIE: StaticDuplicateObject took: (0.019870s)
[2015.07.29-17.01.08:386][246]LogAIModule: Creating AISystem for world NewWorld
[2015.07.29-17.01.08:388][246]LogPlayLevel: PIE: World Init took: (0.003271s)
[2015.07.29-17.01.08:389][246]LogPlayLevel: PIE: Created PIE world by copying editor world from /Temp/Untitled_0.NewWorld to /Temp/UEDPIE_0_Untitled_0.NewWorld (0.023750s)
[2015.07.29-17.01.08:533][246]LogInit: XAudio2 using 'Speakers (Realtek High Definition Audio)' : 2 channels at 48 kHz using 32 bits per sample (channel mask 0x3)
[2015.07.29-17.01.08:552][246]LogInit: FAudioDevice initialized.
[2015.07.29-17.01.11:137][246]LogWorld: Game class is 'ThirdPersonGameMode_C'
[2015.07.29-17.01.11:384][246]LogWorld: Bringing World /Temp/UEDPIE_0_Untitled_0.NewWorld up for play (max tick rate 60) at 2015.07.29-10.01.11
[2015.07.29-17.01.11:385][246]LogActor:Warning: GameSession /Temp/UEDPIE_0_Untitled_0.NewWorld:PersistentLevel.GameSession_0 has natively added scene component(s), but none of them were set as the actor's RootComponent - picking one arbitrarily
[2015.07.29-17.01.11:386][246]LogActor:Warning: GameNetworkManager /Temp/UEDPIE_0_Untitled_0.NewWorld:PersistentLevel.GameNetworkManager_0 has natively added scene component(s), but none of them were set as the actor's RootComponent - picking one arbitrarily
[2015.07.29-17.01.11:387][246]LogWorld: Bringing up level for play took: 0.004292
[2015.07.29-17.01.11:527][246]PIE: Info Play in editor start time for /Temp/UEDPIE_0_Untitled_0 2.549
[2015.07.29-17.01.39:867][624]LogAIModule: Creating AISystem for world Level001
[2015.07.29-17.01.45:737][624]LogParticles: Destroying 0 GPU particle simulations for FXSystem 0x00000005886C7C40
[2015.07.29-17.01.45:767][624]Cmd: MAP LOAD FILE="../../../../../../Users/Kyle/Desktop/Classes/GSP340-Level Design/Temple-Genesis/TempleGenesis/Content/ThirdPersonBP/Maps/Level001.umap" TEMPLATE=0 SHOWPROGRESS=1 FEATURELEVEL=3
[2015.07.29-17.01.45:887][624]LightingResults: New page: Lighting Build
[2015.07.29-17.01.45:923][624]LogContentBrowser: Native class hierarchy updated for 'StatsViewer' in 0.0008 seconds. Added 5 classes and 0 folders.
[2015.07.29-17.01.46:041][624]LoadErrors: New page: Loading map: Level001.umap
[2015.07.29-17.01.46:042][624]MapCheck: New page: Map Check
[2015.07.29-17.01.46:042][624]LightingResults: New page: Lighting Build
[2015.07.29-17.01.46:153][624]LogParticles: Destroying 0 GPU particle simulations for FXSystem 0x00000005943BCB80
[2015.07.29-17.01.47:244][624]LogAIModule: Creating AISystem for world Level001
[2015.07.29-17.01.47:501][624]LogEditorServer: Finished looking for orphan Actors (0.000 secs)
[2015.07.29-17.01.48:245][624]Cmd: MAP CHECKDEP NOCLEARLOG
[2015.07.29-17.01.48:324][624]MapCheck: Info Map check complete: 0 Error(s), 0 Warning(s), took 78.418ms to complete.
[2015.07.29-17.01.48:324][624]LogFileHelpers: Loading map 'Level001' took 8.252
[2015.07.29-17.01.59:479][257]LogEditorViewport: Clicking on Actor (LMB): StaticMeshActor (Floor)
[2015.07.29-17.03.32:215][742]EditorErrors: New page: Actor attachment
[2015.07.29-17.03.36:009][959]LogEditorViewport: Clicking on Actor (LMB): StaticMeshActor (Floor)
[2015.07.29-17.03.37:416][ 34]LogEditorViewport: Clicking on Actor (LMB): StaticMeshActor (Linear_Stair_StaticMesh)
[2015.07.29-17.03.43:373][337]Cmd: CAMERA ALIGN ACTIVEVIEWPORTONLY
[2015.07.29-17.03.43:531][340]Cmd: CAMERA ALIGN ACTIVEVIEWPORTONLY
[2015.07.29-17.04.34:686][576]LogUnrealMath: Expression Error : No value recognized
[2015.07.29-17.04.34:686][576]LogUnrealMath: Expression Error : Error in expression
[2015.07.29-17.05.06:682][ 67]LogSavePackage: Save=3371.572021ms
[2015.07.29-17.05.06:682][ 67]LogSavePackage: Moving '../../../../../../Users/Kyle/Desktop/Classes/GSP340-Level Design/Temple-Genesis/TempleGenesis/Saved/Level0015202D705415990B33F13D39D85240D19.tmp' to '../../../../../../Users/Kyle/Desktop/Classes/GSP340-Level Design/Temple-Genesis/TempleGenesis/Content/ThirdPersonBP/Maps/Level001.umap'
[2015.07.29-17.05.13:043][418]Cmd: TRANSACTION UNDO
[2015.07.29-17.05.13:043][418]LogEditorTransaction: Undo Move Actors
[2015.07.29-17.05.14:211][465]Cmd: EDIT COPY
[2015.07.29-17.05.14:757][497]Cmd: EDIT PASTE
[2015.07.29-17.05.32:624][512]LogEditorActor: Deleted Actor: StaticMeshActor
[2015.07.29-17.05.32:625][512]LogEditorActor: Deleted Actor: StaticMeshActor
[2015.07.29-17.05.32:711][512]LogEditorActor: Deleted 2 Actors (0.088 secs)
[2015.07.29-19.23.30:685][695]LogSavePackage: Save=4299.137695ms
[2015.07.29-19.23.30:686][695]LogSavePackage: Moving '../../../../../../Users/Kyle/Desktop/Classes/GSP340-Level Design/Temple-Genesis/TempleGenesis/Saved/Level001_Auto1B2A5BE4043C4BDF7A05A87B5FE209256.tmp' to '../../../../../../Users/Kyle/Desktop/Classes/GSP340-Level Design/Temple-Genesis/TempleGenesis/Saved/Autosaves/Game/ThirdPersonBP/Maps/Level001_Auto1.umap'
[2015.07.29-19.23.30:836][695]LogFileHelpers: Editor autosave (incl. sublevels) for '/Game/ThirdPersonBP/Maps/Level001' took 4.599
[2015.07.29-19.23.30:836][695]LogFileHelpers: Editor autosave (incl. sublevels) for all levels took 4.599
[2015.07.29-20.20.57:103][244]LogLinker:Warning: Asset '../../../Engine/Content/ArtTools/RenderToTexture/Macros/RenderToTextureMacros.uasset' has been saved with empty engine version. The asset will be loaded but may be incompatible.
[2015.07.29-20.20.57:316][244]LogLinker:Warning: Asset '../../../Engine/Content/ArtTools/RenderToTexture/Enums/RenderToTexture_Enum.uasset' has been saved with empty engine version. The asset will be loaded but may be incompatible.
[2015.07.29-20.28.28:634][963]LogActorComponent: UnregisterComponent: (/Engine/Transient.CharMoveComp) Not registered. Aborting.
[2015.07.29-20.28.28:720][963]LogFileHelpers: Editor autosave (incl. sublevels) for '/Game/ThirdPersonBP/Maps/Level001' took 0.086
[2015.07.29-20.28.28:727][963]OBJ SavePackage: Generating thumbnails for [1] asset(s) in package [/Game/ThirdPersonBP/Blueprints/ThirdPersonCharacter] ([1] browsable assets)...
[2015.07.29-20.28.28:827][963]OBJ SavePackage:     Rendered thumbnail for [Blueprint /Game/ThirdPersonBP/Blueprints/ThirdPersonCharacter.ThirdPersonCharacter]
[2015.07.29-20.28.28:827][963]OBJ SavePackage: Finished generating thumbnails for package [/Game/ThirdPersonBP/Blueprints/ThirdPersonCharacter]
[2015.07.29-20.28.28:977][963]LogSavePackage: Save=115.285629ms
[2015.07.29-20.28.28:977][963]LogSavePackage: Moving '../../../../../../Users/Kyle/Desktop/Classes/GSP340-Level Design/Temple-Genesis/TempleGenesis/Saved/ThirdPersonCharacter_Auto2A43094B146612B3CC7C7359FB9A5E12E.tmp' to '../../../../../../Users/Kyle/Desktop/Classes/GSP340-Level Design/Temple-Genesis/TempleGenesis/Saved/Autosaves/Game/ThirdPersonBP/Blueprints/ThirdPersonCharacter_Auto2.uasset'
[2015.07.29-20.28.28:979][963]LogFileHelpers: Auto-saving content packages took 0.259
[2015.07.29-20.31.48:149][174]BlueprintLog: New page: Pre-PIE auto-recompile
[2015.07.29-20.31.48:245][174]LogActorComponent: UnregisterComponent: (/Engine/Transient.CharMoveComp) Not registered. Aborting.
[2015.07.29-20.31.48:254][174]LogPlayLevel: [PIE] Compiling ThirdPersonCharacter before PIE...
[2015.07.29-20.31.48:326][174]LogUObjectGlobals:Warning: Guid is in use by CapsuleComponent /Game/ThirdPersonBP/Maps/Level001.Level001:PersistentLevel.ThirdPersonCharacter_C_1.CollisionCylinder and CapsuleComponent /Game/ThirdPersonBP/Maps/Level001.Level001:PersistentLevel.ThirdPersonCharacter_C_2.CollisionCylinder, which should never happen in the editor but could happen at runtime with duplicate level loading or PIE
[2015.07.29-20.31.48:326][174]LogUObjectGlobals:Warning: Guid is in use by ArrowComponent /Game/ThirdPersonBP/Maps/Level001.Level001:PersistentLevel.ThirdPersonCharacter_C_1.Arrow and ArrowComponent /Game/ThirdPersonBP/Maps/Level001.Level001:PersistentLevel.ThirdPersonCharacter_C_2.Arrow, which should never happen in the editor but could happen at runtime with duplicate level loading or PIE
[2015.07.29-20.31.48:326][174]LogUObjectGlobals:Warning: Guid is in use by CharacterMovementComponent /Game/ThirdPersonBP/Maps/Level001.Level001:PersistentLevel.ThirdPersonCharacter_C_1.CharMoveComp and CharacterMovementComponent /Game/ThirdPersonBP/Maps/Level001.Level001:PersistentLevel.ThirdPersonCharacter_C_2.CharMoveComp, which should never happen in the editor but could happen at runtime with duplicate level loading or PIE
[2015.07.29-20.31.48:326][174]LogUObjectGlobals:Warning: Guid is in use by SkeletalMeshComponent /Game/ThirdPersonBP/Maps/Level001.Level001:PersistentLevel.ThirdPersonCharacter_C_1.CharacterMesh0 and SkeletalMeshComponent /Game/ThirdPersonBP/Maps/Level001.Level001:PersistentLevel.ThirdPersonCharacter_C_2.CharacterMesh0, which should never happen in the editor but could happen at runtime with duplicate level loading or PIE
[2015.07.29-20.31.48:485][174]LogPlayLevel: PIE:  Blueprint regeneration took 336 ms (1 blueprints)
[2015.07.29-20.31.48:485][174]PIE: New page: PIE session: Level001 (Jul 29, 2015, 6:31:48 AM)
[2015.07.29-20.31.48:486][174]LogPlayLevel: Creating play world package: /Game/ThirdPersonBP/Maps/UEDPIE_0_Level001
[2015.07.29-20.31.48:517][174]LogPlayLevel: PIE: StaticDuplicateObject took: (0.031490s)
[2015.07.29-20.31.48:521][174]LogAIModule: Creating AISystem for world Level001
[2015.07.29-20.31.48:522][174]LogPlayLevel: PIE: World Init took: (0.004945s)
[2015.07.29-20.31.48:523][174]LogPlayLevel: PIE: Created PIE world by copying editor world from /Game/ThirdPersonBP/Maps/Level001.Level001 to /Game/ThirdPersonBP/Maps/UEDPIE_0_Level001.Level001 (0.036815s)
[2015.07.29-20.31.48:575][174]LogInit: XAudio2 using 'Speakers (Realtek High Definition Audio)' : 2 channels at 48 kHz using 32 bits per sample (channel mask 0x3)
[2015.07.29-20.31.48:586][174]LogInit: FAudioDevice initialized.
[2015.07.29-20.31.48:625][174]LogWorld: Game class is 'ThirdPersonGameMode_C'
[2015.07.29-20.31.48:649][174]LogWorld: Bringing World /Game/ThirdPersonBP/Maps/UEDPIE_0_Level001.Level001 up for play (max tick rate 0) at 2015.07.29-13.31.48
[2015.07.29-20.31.48:649][174]LogActor:Warning: GameSession /Game/ThirdPersonBP/Maps/UEDPIE_0_Level001.Level001:PersistentLevel.GameSession_1 has natively added scene component(s), but none of them were set as the actor's RootComponent - picking one arbitrarily
[2015.07.29-20.31.48:649][174]LogActor:Warning: GameNetworkManager /Game/ThirdPersonBP/Maps/UEDPIE_0_Level001.Level001:PersistentLevel.GameNetworkManager_1 has natively added scene component(s), but none of them were set as the actor's RootComponent - picking one arbitrarily
[2015.07.29-20.31.48:666][174]LogWorld: Bringing up level for play took: 0.038831
[2015.07.29-20.31.48:739][174]PIE: Info Play in editor start time for /Game/ThirdPersonBP/Maps/UEDPIE_0_Level001 -0.229
[2015.07.29-20.32.13:376][587]LogActorComponent: UnregisterComponent: (/Engine/Transient.CharMoveComp) Not registered. Aborting.
[2015.07.29-20.32.13:424][587]LogParticles: Destroying 0 GPU particle simulations for FXSystem 0x00000005FE654AE0
[2015.07.29-20.32.13:442][587]LogParticles: Destroying 0 GPU particle simulations for FXSystem 0x00000005B1C6E480
[2015.07.29-20.32.14:610][706]LogPlayLevel: PIE:  No blueprints needed recompiling
[2015.07.29-20.32.14:610][706]PIE: New page: PIE session: Level001 (Jul 29, 2015, 6:32:14 AM)
[2015.07.29-20.32.14:611][706]LogPlayLevel: Creating play world package: /Game/ThirdPersonBP/Maps/UEDPIE_0_Level001
[2015.07.29-20.32.14:637][706]LogPlayLevel: PIE: StaticDuplicateObject took: (0.025771s)
[2015.07.29-20.32.14:638][706]LogAIModule: Creating AISystem for world Level001
[2015.07.29-20.32.14:640][706]LogPlayLevel: PIE: World Init took: (0.002802s)
[2015.07.29-20.32.14:640][706]LogPlayLevel: PIE: Created PIE world by copying editor world from /Game/ThirdPersonBP/Maps/Level001.Level001 to /Game/ThirdPersonBP/Maps/UEDPIE_0_Level001.Level001 (0.028909s)
[2015.07.29-20.32.14:689][706]LogInit: XAudio2 using 'Speakers (Realtek High Definition Audio)' : 2 channels at 48 kHz using 32 bits per sample (channel mask 0x3)
[2015.07.29-20.32.14:697][706]LogInit: FAudioDevice initialized.
[2015.07.29-20.32.14:732][706]LogWorld: Game class is 'ThirdPersonGameMode_C'
[2015.07.29-20.32.14:741][706]LogWorld: Bringing World /Game/ThirdPersonBP/Maps/UEDPIE_0_Level001.Level001 up for play (max tick rate 0) at 2015.07.29-13.32.14
[2015.07.29-20.32.14:741][706]LogActor:Warning: GameSession /Game/ThirdPersonBP/Maps/UEDPIE_0_Level001.Level001:PersistentLevel.GameSession_2 has natively added scene component(s), but none of them were set as the actor's RootComponent - picking one arbitrarily
[2015.07.29-20.32.14:742][706]LogActor:Warning: GameNetworkManager /Game/ThirdPersonBP/Maps/UEDPIE_0_Level001.Level001:PersistentLevel.GameNetworkManager_2 has natively added scene component(s), but none of them were set as the actor's RootComponent - picking one arbitrarily
[2015.07.29-20.32.14:742][706]LogWorld: Bringing up level for play took: 0.008333
[2015.07.29-20.32.14:745][706]PIE: Info Play in editor start time for /Game/ThirdPersonBP/Maps/UEDPIE_0_Level001 -0.224
[2015.07.29-20.32.23:893][314]LogParticles: Destroying 0 GPU particle simulations for FXSystem 0x00000005997F84A0
[2015.07.29-20.32.25:285][464]LogPlayLevel: PIE:  No blueprints needed recompiling
[2015.07.29-20.32.25:285][464]PIE: New page: PIE session: Level001 (Jul 29, 2015, 6:32:25 AM)
[2015.07.29-20.32.25:285][464]LogPlayLevel: Creating play world package: /Game/ThirdPersonBP/Maps/UEDPIE_0_Level001
[2015.07.29-20.32.25:309][464]LogPlayLevel: PIE: StaticDuplicateObject took: (0.023275s)
[2015.07.29-20.32.25:310][464]LogAIModule: Creating AISystem for world Level001
[2015.07.29-20.32.25:312][464]LogPlayLevel: PIE: World Init took: (0.002859s)
[2015.07.29-20.32.25:312][464]LogPlayLevel: PIE: Created PIE world by copying editor world from /Game/ThirdPersonBP/Maps/Level001.Level001 to /Game/ThirdPersonBP/Maps/UEDPIE_0_Level001.Level001 (0.026447s)
[2015.07.29-20.32.25:366][464]LogInit: XAudio2 using 'Speakers (Realtek High Definition Audio)' : 2 channels at 48 kHz using 32 bits per sample (channel mask 0x3)
[2015.07.29-20.32.25:375][464]LogInit: FAudioDevice initialized.
[2015.07.29-20.32.25:413][464]LogWorld: Game class is 'ThirdPersonGameMode_C'
[2015.07.29-20.32.25:422][464]LogWorld: Bringing World /Game/ThirdPersonBP/Maps/UEDPIE_0_Level001.Level001 up for play (max tick rate 0) at 2015.07.29-13.32.25
[2015.07.29-20.32.25:422][464]LogActor:Warning: GameSession /Game/ThirdPersonBP/Maps/UEDPIE_0_Level001.Level001:PersistentLevel.GameSession_3 has natively added scene component(s), but none of them were set as the actor's RootComponent - picking one arbitrarily
[2015.07.29-20.32.25:423][464]LogActor:Warning: GameNetworkManager /Game/ThirdPersonBP/Maps/UEDPIE_0_Level001.Level001:PersistentLevel.GameNetworkManager_3 has natively added scene component(s), but none of them were set as the actor's RootComponent - picking one arbitrarily
[2015.07.29-20.32.25:423][464]LogWorld: Bringing up level for play took: 0.008206
[2015.07.29-20.32.25:425][464]PIE: Info Play in editor start time for /Game/ThirdPersonBP/Maps/UEDPIE_0_Level001 0.457
[2015.07.29-20.32.42:126][555]LogParticles: Destroying 0 GPU particle simulations for FXSystem 0x0000000587D45440
[2015.07.29-20.32.43:560][701]LogPlayLevel: PIE:  No blueprints needed recompiling
[2015.07.29-20.32.43:560][701]PIE: New page: PIE session: Level001 (Jul 29, 2015, 6:32:43 AM)
[2015.07.29-20.32.43:561][701]LogPlayLevel: Creating play world package: /Game/ThirdPersonBP/Maps/UEDPIE_0_Level001
[2015.07.29-20.32.43:586][701]LogPlayLevel: PIE: StaticDuplicateObject took: (0.025269s)
[2015.07.29-20.32.43:587][701]LogAIModule: Creating AISystem for world Level001
[2015.07.29-20.32.43:589][701]LogPlayLevel: PIE: World Init took: (0.002783s)
[2015.07.29-20.32.43:589][701]LogPlayLevel: PIE: Created PIE world by copying editor world from /Game/ThirdPersonBP/Maps/Level001.Level001 to /Game/ThirdPersonBP/Maps/UEDPIE_0_Level001.Level001 (0.028423s)
[2015.07.29-20.32.43:644][701]LogInit: XAudio2 using 'Speakers (Realtek High Definition Audio)' : 2 channels at 48 kHz using 32 bits per sample (channel mask 0x3)
[2015.07.29-20.32.43:654][701]LogInit: FAudioDevice initialized.
[2015.07.29-20.32.43:687][701]LogWorld: Game class is 'ThirdPersonGameMode_C'
[2015.07.29-20.32.43:696][701]LogWorld: Bringing World /Game/ThirdPersonBP/Maps/UEDPIE_0_Level001.Level001 up for play (max tick rate 0) at 2015.07.29-13.32.43
[2015.07.29-20.32.43:696][701]LogActor:Warning: GameSession /Game/ThirdPersonBP/Maps/UEDPIE_0_Level001.Level001:PersistentLevel.GameSession_4 has natively added scene component(s), but none of them were set as the actor's RootComponent - picking one arbitrarily
[2015.07.29-20.32.43:697][701]LogActor:Warning: GameNetworkManager /Game/ThirdPersonBP/Maps/UEDPIE_0_Level001.Level001:PersistentLevel.GameNetworkManager_4 has natively added scene component(s), but none of them were set as the actor's RootComponent - picking one arbitrarily
[2015.07.29-20.32.43:697][701]LogWorld: Bringing up level for play took: 0.008197
[2015.07.29-20.32.43:699][701]PIE: Info Play in editor start time for /Game/ThirdPersonBP/Maps/UEDPIE_0_Level001 0.732
[2015.07.29-20.33.05:704][118]LogParticles: Destroying 0 GPU particle simulations for FXSystem 0x00000005B54F89A0
[2015.07.29-20.33.24:932][675]BlueprintLog: New page: Pre-PIE auto-recompile
[2015.07.29-20.33.24:940][675]LogActorComponent: UnregisterComponent: (/Engine/Transient.CharMoveComp) Not registered. Aborting.
[2015.07.29-20.33.24:967][675]LogPlayLevel: [PIE] Compiling ThirdPersonCharacter before PIE...
[2015.07.29-20.33.25:177][675]LogPlayLevel: PIE:  Blueprint regeneration took 245 ms (1 blueprints)
[2015.07.29-20.33.25:177][675]PIE: New page: PIE session: Level001 (Jul 29, 2015, 6:33:25 AM)
[2015.07.29-20.33.25:178][675]LogPlayLevel: Creating play world package: /Game/ThirdPersonBP/Maps/UEDPIE_0_Level001
[2015.07.29-20.33.25:209][675]LogPlayLevel: PIE: StaticDuplicateObject took: (0.031180s)
[2015.07.29-20.33.25:210][675]LogAIModule: Creating AISystem for world Level001
[2015.07.29-20.33.25:211][675]LogPlayLevel: PIE: World Init took: (0.002319s)
[2015.07.29-20.33.25:212][675]LogPlayLevel: PIE: Created PIE world by copying editor world from /Game/ThirdPersonBP/Maps/Level001.Level001 to /Game/ThirdPersonBP/Maps/UEDPIE_0_Level001.Level001 (0.033816s)
[2015.07.29-20.33.25:264][675]LogInit: XAudio2 using 'Speakers (Realtek High Definition Audio)' : 2 channels at 48 kHz using 32 bits per sample (channel mask 0x3)
[2015.07.29-20.33.25:273][675]LogInit: FAudioDevice initialized.
[2015.07.29-20.33.25:315][675]LogWorld: Game class is 'ThirdPersonGameMode_C'
[2015.07.29-20.33.25:324][675]LogWorld: Bringing World /Game/ThirdPersonBP/Maps/UEDPIE_0_Level001.Level001 up for play (max tick rate 0) at 2015.07.29-13.33.25
[2015.07.29-20.33.25:324][675]LogActor:Warning: GameSession /Game/ThirdPersonBP/Maps/UEDPIE_0_Level001.Level001:PersistentLevel.GameSession_5 has natively added scene component(s), but none of them were set as the actor's RootComponent - picking one arbitrarily
[2015.07.29-20.33.25:325][675]LogActor:Warning: GameNetworkManager /Game/ThirdPersonBP/Maps/UEDPIE_0_Level001.Level001:PersistentLevel.GameNetworkManager_5 has natively added scene component(s), but none of them were set as the actor's RootComponent - picking one arbitrarily
[2015.07.29-20.33.25:325][675]LogWorld: Bringing up level for play took: 0.008399
[2015.07.29-20.33.25:327][675]PIE: Info Play in editor start time for /Game/ThirdPersonBP/Maps/UEDPIE_0_Level001 0.359
[2015.07.29-20.33.51:489][288]LogActorComponent: UnregisterComponent: (/Engine/Transient.CharMoveComp) Not registered. Aborting.
[2015.07.29-20.33.51:558][288]LogParticles: Destroying 0 GPU particle simulations for FXSystem 0x000000059F48AFC0
[2015.07.29-20.34.06:003][140]BlueprintLog: New page: Pre-PIE auto-recompile
[2015.07.29-20.34.06:010][140]LogActorComponent: UnregisterComponent: (/Engine/Transient.CharMoveComp) Not registered. Aborting.
[2015.07.29-20.34.06:035][140]LogPlayLevel: [PIE] Compiling ThirdPersonCharacter before PIE...
[2015.07.29-20.34.06:220][140]LogPlayLevel: PIE:  Blueprint regeneration took 216 ms (1 blueprints)
[2015.07.29-20.34.06:220][140]PIE: New page: PIE session: Level001 (Jul 29, 2015, 6:34:06 AM)
[2015.07.29-20.34.06:221][140]LogPlayLevel: Creating play world package: /Game/ThirdPersonBP/Maps/UEDPIE_0_Level001
[2015.07.29-20.34.06:251][140]LogPlayLevel: PIE: StaticDuplicateObject took: (0.029757s)
[2015.07.29-20.34.06:252][140]LogAIModule: Creating AISystem for world Level001
[2015.07.29-20.34.06:253][140]LogPlayLevel: PIE: World Init took: (0.002022s)
[2015.07.29-20.34.06:253][140]LogPlayLevel: PIE: Created PIE world by copying editor world from /Game/ThirdPersonBP/Maps/Level001.Level001 to /Game/ThirdPersonBP/Maps/UEDPIE_0_Level001.Level001 (0.032123s)
[2015.07.29-20.34.06:307][140]LogInit: XAudio2 using 'Speakers (Realtek High Definition Audio)' : 2 channels at 48 kHz using 32 bits per sample (channel mask 0x3)
[2015.07.29-20.34.06:315][140]LogInit: FAudioDevice initialized.
[2015.07.29-20.34.06:350][140]LogWorld: Game class is 'ThirdPersonGameMode_C'
[2015.07.29-20.34.06:360][140]LogWorld: Bringing World /Game/ThirdPersonBP/Maps/UEDPIE_0_Level001.Level001 up for play (max tick rate 0) at 2015.07.29-13.34.06
[2015.07.29-20.34.06:360][140]LogActor:Warning: GameSession /Game/ThirdPersonBP/Maps/UEDPIE_0_Level001.Level001:PersistentLevel.GameSession_6 has natively added scene component(s), but none of them were set as the actor's RootComponent - picking one arbitrarily
[2015.07.29-20.34.06:360][140]LogActor:Warning: GameNetworkManager /Game/ThirdPersonBP/Maps/UEDPIE_0_Level001.Level001:PersistentLevel.GameNetworkManager_6 has natively added scene component(s), but none of them were set as the actor's RootComponent - picking one arbitrarily
[2015.07.29-20.34.06:361][140]LogWorld: Bringing up level for play took: 0.007977
[2015.07.29-20.34.06:364][140]PIE: Info Play in editor start time for /Game/ThirdPersonBP/Maps/UEDPIE_0_Level001 -0.604
[2015.07.29-20.35.06:193][821]LogActorComponent: UnregisterComponent: (/Engine/Transient.CharMoveComp) Not registered. Aborting.
[2015.07.29-20.35.52:374][937]LogParticles: Destroying 0 GPU particle simulations for FXSystem 0x000000059C785300
[2015.07.29-20.35.53:496][ 52]LogPlayLevel: PIE:  No blueprints needed recompiling
[2015.07.29-20.35.53:496][ 52]PIE: New page: PIE session: Level001 (Jul 29, 2015, 6:35:53 AM)
[2015.07.29-20.35.53:497][ 52]LogPlayLevel: Creating play world package: /Game/ThirdPersonBP/Maps/UEDPIE_0_Level001
[2015.07.29-20.35.53:525][ 52]LogPlayLevel: PIE: StaticDuplicateObject took: (0.028268s)
[2015.07.29-20.35.53:526][ 52]LogAIModule: Creating AISystem for world Level001
[2015.07.29-20.35.53:527][ 52]LogPlayLevel: PIE: World Init took: (0.002011s)
[2015.07.29-20.35.53:528][ 52]LogPlayLevel: PIE: Created PIE world by copying editor world from /Game/ThirdPersonBP/Maps/Level001.Level001 to /Game/ThirdPersonBP/Maps/UEDPIE_0_Level001.Level001 (0.030545s)
[2015.07.29-20.35.53:582][ 52]LogInit: XAudio2 using 'Speakers (Realtek High Definition Audio)' : 2 channels at 48 kHz using 32 bits per sample (channel mask 0x3)
[2015.07.29-20.35.53:592][ 52]LogInit: FAudioDevice initialized.
[2015.07.29-20.35.53:627][ 52]LogWorld: Game class is 'ThirdPersonGameMode_C'
[2015.07.29-20.35.53:636][ 52]LogWorld: Bringing World /Game/ThirdPersonBP/Maps/UEDPIE_0_Level001.Level001 up for play (max tick rate 0) at 2015.07.29-13.35.53
[2015.07.29-20.35.53:636][ 52]LogActor:Warning: GameSession /Game/ThirdPersonBP/Maps/UEDPIE_0_Level001.Level001:PersistentLevel.GameSession_7 has natively added scene component(s), but none of them were set as the actor's RootComponent - picking one arbitrarily
[2015.07.29-20.35.53:636][ 52]LogActor:Warning: GameNetworkManager /Game/ThirdPersonBP/Maps/UEDPIE_0_Level001.Level001:PersistentLevel.GameNetworkManager_7 has natively added scene component(s), but none of them were set as the actor's RootComponent - picking one arbitrarily
[2015.07.29-20.35.53:637][ 52]LogWorld: Bringing up level for play took: 0.008749
[2015.07.29-20.35.53:639][ 52]PIE: Info Play in editor start time for /Game/ThirdPersonBP/Maps/UEDPIE_0_Level001 0.672
[2015.07.29-20.40.33:728][117]LogParticles: Destroying 0 GPU particle simulations for FXSystem 0x0000000592375BC0
[2015.07.29-20.46.35:330][ 72]LogActorComponent: UnregisterComponent: (/Engine/Transient.CharMoveComp) Not registered. Aborting.
[2015.07.29-20.46.38:633][ 72]LogSavePackage: Save=3048.505371ms
[2015.07.29-20.46.38:633][ 72]LogSavePackage: Moving '../../../../../../Users/Kyle/Desktop/Classes/GSP340-Level Design/Temple-Genesis/TempleGenesis/Saved/Level001_Auto347BD060E461CB28988011EB16E6FA007.tmp' to '../../../../../../Users/Kyle/Desktop/Classes/GSP340-Level Design/Temple-Genesis/TempleGenesis/Saved/Autosaves/Game/ThirdPersonBP/Maps/Level001_Auto3.umap'
[2015.07.29-20.46.38:639][ 72]LogFileHelpers: Editor autosave (incl. sublevels) for '/Game/ThirdPersonBP/Maps/Level001' took 3.308
[2015.07.29-20.46.38:639][ 72]LogFileHelpers: Editor autosave (incl. sublevels) for all levels took 3.308
[2015.07.29-20.46.38:646][ 72]OBJ SavePackage: Generating thumbnails for [1] asset(s) in package [/Game/ThirdPersonBP/Blueprints/ThirdPersonCharacter] ([1] browsable assets)...
[2015.07.29-20.46.38:686][ 72]OBJ SavePackage:     Rendered thumbnail for [Blueprint /Game/ThirdPersonBP/Blueprints/ThirdPersonCharacter.ThirdPersonCharacter]
[2015.07.29-20.46.38:686][ 72]OBJ SavePackage: Finished generating thumbnails for package [/Game/ThirdPersonBP/Blueprints/ThirdPersonCharacter]
[2015.07.29-20.46.38:957][ 72]LogSavePackage: Save=118.772293ms
[2015.07.29-20.46.38:957][ 72]LogSavePackage: Moving '../../../../../../Users/Kyle/Desktop/Classes/GSP340-Level Design/Temple-Genesis/TempleGenesis/Saved/ThirdPersonCharacter_Auto371AC7AD14930A65F6D8AA1BF3CE0EF04.tmp' to '../../../../../../Users/Kyle/Desktop/Classes/GSP340-Level Design/Temple-Genesis/TempleGenesis/Saved/Autosaves/Game/ThirdPersonBP/Blueprints/ThirdPersonCharacter_Auto3.uasset'
[2015.07.29-20.46.38:959][ 72]LogFileHelpers: Auto-saving content packages took 0.318
[2015.07.29-20.50.19:272][124]LogActorComponent: UnregisterComponent: (/Engine/Transient.CharMoveComp) Not registered. Aborting.
[2015.07.29-20.50.31:482][929]LogActorComponent: UnregisterComponent: (/Engine/Transient.CharacterMovementComponent_0) Not registered. Aborting.
[2015.07.29-20.51.05:714][195]BlueprintLog: New page: Compile ThirdPersonCharacter
[2015.07.29-20.51.05:776][195]LogUObjectGlobals:Warning: Guid is in use by CapsuleComponent /Game/ThirdPersonBP/Maps/Level001.Level001:PersistentLevel.ThirdPersonCharacter_C_2.CollisionCylinder and CapsuleComponent /Game/ThirdPersonBP/Maps/Level001.Level001:PersistentLevel.ThirdPersonCharacter_C_1.CollisionCylinder, which should never happen in the editor but could happen at runtime with duplicate level loading or PIE
[2015.07.29-20.51.05:776][195]LogUObjectGlobals:Warning: Guid is in use by ArrowComponent /Game/ThirdPersonBP/Maps/Level001.Level001:PersistentLevel.ThirdPersonCharacter_C_2.Arrow and ArrowComponent /Game/ThirdPersonBP/Maps/Level001.Level001:PersistentLevel.ThirdPersonCharacter_C_1.Arrow, which should never happen in the editor but could happen at runtime with duplicate level loading or PIE
[2015.07.29-20.51.05:776][195]LogUObjectGlobals:Warning: Guid is in use by CharacterMovementComponent /Game/ThirdPersonBP/Maps/Level001.Level001:PersistentLevel.ThirdPersonCharacter_C_2.CharMoveComp and CharacterMovementComponent /Game/ThirdPersonBP/Maps/Level001.Level001:PersistentLevel.ThirdPersonCharacter_C_1.CharMoveComp, which should never happen in the editor but could happen at runtime with duplicate level loading or PIE
[2015.07.29-20.51.05:776][195]LogUObjectGlobals:Warning: Guid is in use by SkeletalMeshComponent /Game/ThirdPersonBP/Maps/Level001.Level001:PersistentLevel.ThirdPersonCharacter_C_2.CharacterMesh0 and SkeletalMeshComponent /Game/ThirdPersonBP/Maps/Level001.Level001:PersistentLevel.ThirdPersonCharacter_C_1.CharacterMesh0, which should never happen in the editor but could happen at runtime with duplicate level loading or PIE
[2015.07.29-20.51.05:834][195]LogActorComponent: UnregisterComponent: (/Engine/Transient.CharacterMovementComponent_1) Not registered. Aborting.
[2015.07.29-20.51.05:907][195]BlueprintEditorCompileResults: Info [3973.26] Compile of ThirdPersonCharacter successful! [in 192 ms]
[2015.07.29-20.51.08:311][351]LogActorComponent: UnregisterComponent: (/Engine/Transient.CharMoveComp) Not registered. Aborting.
[2015.07.29-20.55.57:234][490]LogActorComponent: UnregisterComponent: (/Engine/Transient.CharacterMovementComponent_2) Not registered. Aborting.
[2015.07.29-20.56.07:326][102]LogActorComponent: UnregisterComponent: (/Engine/Transient.CharacterMovementComponent_3) Not registered. Aborting.
[2015.07.29-20.56.39:256][205]LogActorComponent: UnregisterComponent: (/Engine/Transient.CharacterMovementComponent_4) Not registered. Aborting.
[2015.07.29-20.56.42:334][205]LogSavePackage: Save=2960.848633ms
[2015.07.29-20.56.42:334][205]LogSavePackage: Moving '../../../../../../Users/Kyle/Desktop/Classes/GSP340-Level Design/Temple-Genesis/TempleGenesis/Saved/Level001_Auto42033291F4F21B07ED205DABB6CD92A15.tmp' to '../../../../../../Users/Kyle/Desktop/Classes/GSP340-Level Design/Temple-Genesis/TempleGenesis/Saved/Autosaves/Game/ThirdPersonBP/Maps/Level001_Auto4.umap'
[2015.07.29-20.56.42:339][205]LogFileHelpers: Editor autosave (incl. sublevels) for '/Game/ThirdPersonBP/Maps/Level001' took 3.083
[2015.07.29-20.56.42:339][205]LogFileHelpers: Editor autosave (incl. sublevels) for all levels took 3.083
[2015.07.29-20.56.42:345][205]OBJ SavePackage: Generating thumbnails for [1] asset(s) in package [/Game/ThirdPersonBP/Blueprints/ThirdPersonCharacter] ([1] browsable assets)...
[2015.07.29-20.56.42:385][205]OBJ SavePackage:     Rendered thumbnail for [Blueprint /Game/ThirdPersonBP/Blueprints/ThirdPersonCharacter.ThirdPersonCharacter]
[2015.07.29-20.56.42:385][205]OBJ SavePackage: Finished generating thumbnails for package [/Game/ThirdPersonBP/Blueprints/ThirdPersonCharacter]
[2015.07.29-20.56.42:575][205]LogSavePackage: Save=93.947845ms
[2015.07.29-20.56.42:575][205]LogSavePackage: Moving '../../../../../../Users/Kyle/Desktop/Classes/GSP340-Level Design/Temple-Genesis/TempleGenesis/Saved/ThirdPersonCharacter_Auto44D98654A428F2149A3BD70A283505C7D.tmp' to '../../../../../../Users/Kyle/Desktop/Classes/GSP340-Level Design/Temple-Genesis/TempleGenesis/Saved/Autosaves/Game/ThirdPersonBP/Blueprints/ThirdPersonCharacter_Auto4.uasset'
[2015.07.29-20.56.42:577][205]LogFileHelpers: Auto-saving content packages took 0.236
[2015.07.29-20.57.55:019][174]LogActorComponent: UnregisterComponent: (/Engine/Transient.CharMoveComp) Not registered. Aborting.
[2015.07.29-20.58.05:184][844]BlueprintLog: New page: Compile ThirdPersonCharacter
[2015.07.29-20.58.05:289][844]LogBlueprint:Error: [compiler ThirdPersonCharacter] Error The current value of the ' Hit ' pin is invalid: 'Hit' must have an input wired into it ("by ref" params expect a valid input to operate on).
[2015.07.29-20.58.05:296][844]LogUObjectGlobals:Warning: Guid is in use by CapsuleComponent /Game/ThirdPersonBP/Maps/Level001.Level001:PersistentLevel.ThirdPersonCharacter_C_1.CollisionCylinder and CapsuleComponent /Game/ThirdPersonBP/Maps/Level001.Level001:PersistentLevel.ThirdPersonCharacter_C_3.CollisionCylinder, which should never happen in the editor but could happen at runtime with duplicate level loading or PIE
[2015.07.29-20.58.05:296][844]LogUObjectGlobals:Warning: Guid is in use by ArrowComponent /Game/ThirdPersonBP/Maps/Level001.Level001:PersistentLevel.ThirdPersonCharacter_C_1.Arrow and ArrowComponent /Game/ThirdPersonBP/Maps/Level001.Level001:PersistentLevel.ThirdPersonCharacter_C_3.Arrow, which should never happen in the editor but could happen at runtime with duplicate level loading or PIE
[2015.07.29-20.58.05:297][844]LogUObjectGlobals:Warning: Guid is in use by CharacterMovementComponent /Game/ThirdPersonBP/Maps/Level001.Level001:PersistentLevel.ThirdPersonCharacter_C_1.CharMoveComp and CharacterMovementComponent /Game/ThirdPersonBP/Maps/Level001.Level001:PersistentLevel.ThirdPersonCharacter_C_3.CharMoveComp, which should never happen in the editor but could happen at runtime with duplicate level loading or PIE
[2015.07.29-20.58.05:297][844]LogUObjectGlobals:Warning: Guid is in use by SkeletalMeshComponent /Game/ThirdPersonBP/Maps/Level001.Level001:PersistentLevel.ThirdPersonCharacter_C_1.CharacterMesh0 and SkeletalMeshComponent /Game/ThirdPersonBP/Maps/Level001.Level001:PersistentLevel.ThirdPersonCharacter_C_3.CharacterMesh0, which should never happen in the editor but could happen at runtime with duplicate level loading or PIE
[2015.07.29-20.58.05:413][844]LogActorComponent: UnregisterComponent: (/Engine/Transient.CharacterMovementComponent_5) Not registered. Aborting.
[2015.07.29-20.58.05:484][844]LogBlueprint:Warning: [compiler ThirdPersonCharacter] Warning [4392.84] Compile of ThirdPersonCharacter failed. 1 Fatal Issue(s) 0 Warning(s) [in 299 ms]
[2015.07.29-20.58.05:484][844]BlueprintEditorCompileResults:Error: Error The current value of the ' Hit ' pin is invalid: 'Hit' must have an input wired into it ("by ref" params expect a valid input to operate on).
[2015.07.29-20.58.05:484][844]BlueprintEditorCompileResults:Warning: Warning [4392.84] Compile of ThirdPersonCharacter failed. 1 Fatal Issue(s) 0 Warning(s) [in 299 ms]
[2015.07.29-20.58.11:009][192]LogActorComponent: UnregisterComponent: (/Engine/Transient.CharMoveComp) Not registered. Aborting.
[2015.07.29-20.58.58:305][213]LogActorComponent: UnregisterComponent: (/Engine/Transient.CharacterMovementComponent_6) Not registered. Aborting.
[2015.07.29-21.00.45:174][864]LogEditorTransaction: Undo Delete current selection
[2015.07.29-21.00.45:207][864]LogActorComponent: UnregisterComponent: (/Engine/Transient.CharacterMovementComponent_7) Not registered. Aborting.
[2015.07.29-21.04.27:266][661]BlueprintLog: New page: Compile ThirdPersonCharacter
[2015.07.29-21.04.27:332][661]LogUObjectGlobals:Warning: Guid is in use by CapsuleComponent /Game/ThirdPersonBP/Maps/Level001.Level001:PersistentLevel.ThirdPersonCharacter_C_3.CollisionCylinder and CapsuleComponent /Game/ThirdPersonBP/Maps/Level001.Level001:PersistentLevel.ThirdPersonCharacter_C_4.CollisionCylinder, which should never happen in the editor but could happen at runtime with duplicate level loading or PIE
[2015.07.29-21.04.27:332][661]LogUObjectGlobals:Warning: Guid is in use by ArrowComponent /Game/ThirdPersonBP/Maps/Level001.Level001:PersistentLevel.ThirdPersonCharacter_C_3.Arrow and ArrowComponent /Game/ThirdPersonBP/Maps/Level001.Level001:PersistentLevel.ThirdPersonCharacter_C_4.Arrow, which should never happen in the editor but could happen at runtime with duplicate level loading or PIE
[2015.07.29-21.04.27:332][661]LogUObjectGlobals:Warning: Guid is in use by CharacterMovementComponent /Game/ThirdPersonBP/Maps/Level001.Level001:PersistentLevel.ThirdPersonCharacter_C_3.CharMoveComp and CharacterMovementComponent /Game/ThirdPersonBP/Maps/Level001.Level001:PersistentLevel.ThirdPersonCharacter_C_4.CharMoveComp, which should never happen in the editor but could happen at runtime with duplicate level loading or PIE
[2015.07.29-21.04.27:332][661]LogUObjectGlobals:Warning: Guid is in use by SkeletalMeshComponent /Game/ThirdPersonBP/Maps/Level001.Level001:PersistentLevel.ThirdPersonCharacter_C_3.CharacterMesh0 and SkeletalMeshComponent /Game/ThirdPersonBP/Maps/Level001.Level001:PersistentLevel.ThirdPersonCharacter_C_4.CharacterMesh0, which should never happen in the editor but could happen at runtime with duplicate level loading or PIE
[2015.07.29-21.04.27:394][661]LogActorComponent: UnregisterComponent: (/Engine/Transient.CharacterMovementComponent_8) Not registered. Aborting.
[2015.07.29-21.04.27:465][661]BlueprintEditorCompileResults: Info [4774.82] Compile of ThirdPersonCharacter successful! [in 198 ms]
[2015.07.29-21.04.31:054][946]LogPlayLevel: PIE:  No blueprints needed recompiling
[2015.07.29-21.04.31:054][946]PIE: New page: PIE session: Level001 (Jul 29, 2015, 7:04:31 AM)
[2015.07.29-21.04.31:055][946]LogPlayLevel: Creating play world package: /Game/ThirdPersonBP/Maps/UEDPIE_0_Level001
[2015.07.29-21.04.31:089][946]LogPlayLevel: PIE: StaticDuplicateObject took: (0.033014s)
[2015.07.29-21.04.31:090][946]LogAIModule: Creating AISystem for world Level001
[2015.07.29-21.04.31:090][946]LogPlayLevel: PIE: World Init took: (0.001871s)
[2015.07.29-21.04.31:091][946]LogPlayLevel: PIE: Created PIE world by copying editor world from /Game/ThirdPersonBP/Maps/Level001.Level001 to /Game/ThirdPersonBP/Maps/UEDPIE_0_Level001.Level001 (0.035280s)
[2015.07.29-21.04.31:091][946]LogActorComponent: UnregisterComponent: (/Engine/Transient.CharMoveComp) Not registered. Aborting.
[2015.07.29-21.04.31:147][946]LogInit: XAudio2 using 'Speakers (Realtek High Definition Audio)' : 2 channels at 48 kHz using 32 bits per sample (channel mask 0x3)
[2015.07.29-21.04.31:157][946]LogInit: FAudioDevice initialized.
[2015.07.29-21.04.31:190][946]LogWorld: Game class is 'ThirdPersonGameMode_C'
[2015.07.29-21.04.31:199][946]LogWorld: Bringing World /Game/ThirdPersonBP/Maps/UEDPIE_0_Level001.Level001 up for play (max tick rate 0) at 2015.07.29-14.04.31
[2015.07.29-21.04.31:199][946]LogActor:Warning: GameSession /Game/ThirdPersonBP/Maps/UEDPIE_0_Level001.Level001:PersistentLevel.GameSession_8 has natively added scene component(s), but none of them were set as the actor's RootComponent - picking one arbitrarily
[2015.07.29-21.04.31:199][946]LogActor:Warning: GameNetworkManager /Game/ThirdPersonBP/Maps/UEDPIE_0_Level001.Level001:PersistentLevel.GameNetworkManager_8 has natively added scene component(s), but none of them were set as the actor's RootComponent - picking one arbitrarily
[2015.07.29-21.04.31:200][946]LogWorld: Bringing up level for play took: 0.008243
[2015.07.29-21.04.31:202][946]PIE: Info Play in editor start time for /Game/ThirdPersonBP/Maps/UEDPIE_0_Level001 0.234
[2015.07.29-21.04.56:852][612]LogParticles: Destroying 0 GPU particle simulations for FXSystem 0x00000005BF6A5DA0
[2015.07.29-21.05.12:305][598]LogSavePackage: Save=140.034378ms
[2015.07.29-21.05.12:305][598]LogSavePackage: Moving '../../../../../../Users/Kyle/Desktop/Classes/GSP340-Level Design/Temple-Genesis/TempleGenesis/Saved/ThirdPersonCharacterFEB6C0A64DFC7B1743F9368A7B76A422.tmp' to '../../../../../../Users/Kyle/Desktop/Classes/GSP340-Level Design/Temple-Genesis/TempleGenesis/Content/ThirdPersonBP/Blueprints/ThirdPersonCharacter.uasset'
[2015.07.29-21.05.23:092][981]BlueprintLog: New page: Pre-PIE auto-recompile
[2015.07.29-21.05.23:097][981]LogActorComponent: UnregisterComponent: (/Engine/Transient.CharMoveComp) Not registered. Aborting.
[2015.07.29-21.05.23:125][981]LogPlayLevel: [PIE] Compiling ThirdPersonCharacter before PIE...
[2015.07.29-21.05.23:292][981]LogPlayLevel: PIE:  Blueprint regeneration took 200 ms (1 blueprints)
[2015.07.29-21.05.23:292][981]PIE: New page: PIE session: Level001 (Jul 29, 2015, 7:05:23 AM)
[2015.07.29-21.05.23:293][981]LogPlayLevel: Creating play world package: /Game/ThirdPersonBP/Maps/UEDPIE_0_Level001
[2015.07.29-21.05.23:330][981]LogPlayLevel: PIE: StaticDuplicateObject took: (0.037481s)
[2015.07.29-21.05.23:331][981]LogAIModule: Creating AISystem for world Level001
[2015.07.29-21.05.23:333][981]LogPlayLevel: PIE: World Init took: (0.002249s)
[2015.07.29-21.05.23:333][981]LogPlayLevel: PIE: Created PIE world by copying editor world from /Game/ThirdPersonBP/Maps/Level001.Level001 to /Game/ThirdPersonBP/Maps/UEDPIE_0_Level001.Level001 (0.040095s)
[2015.07.29-21.05.23:389][981]LogInit: XAudio2 using 'Speakers (Realtek High Definition Audio)' : 2 channels at 48 kHz using 32 bits per sample (channel mask 0x3)
[2015.07.29-21.05.23:397][981]LogInit: FAudioDevice initialized.
[2015.07.29-21.05.23:437][981]LogWorld: Game class is 'ThirdPersonGameMode_C'
[2015.07.29-21.05.23:446][981]LogWorld: Bringing World /Game/ThirdPersonBP/Maps/UEDPIE_0_Level001.Level001 up for play (max tick rate 0) at 2015.07.29-14.05.23
[2015.07.29-21.05.23:446][981]LogActor:Warning: GameSession /Game/ThirdPersonBP/Maps/UEDPIE_0_Level001.Level001:PersistentLevel.GameSession_9 has natively added scene component(s), but none of them were set as the actor's RootComponent - picking one arbitrarily
[2015.07.29-21.05.23:446][981]LogActor:Warning: GameNetworkManager /Game/ThirdPersonBP/Maps/UEDPIE_0_Level001.Level001:PersistentLevel.GameNetworkManager_9 has natively added scene component(s), but none of them were set as the actor's RootComponent - picking one arbitrarily
[2015.07.29-21.05.23:447][981]LogWorld: Bringing up level for play took: 0.008298
[2015.07.29-21.05.23:449][981]PIE: Info Play in editor start time for /Game/ThirdPersonBP/Maps/UEDPIE_0_Level001 0.481
[2015.07.29-21.06.02:247][502]LogActorComponent: UnregisterComponent: (/Engine/Transient.CharMoveComp) Not registered. Aborting.
[2015.07.29-21.06.02:317][502]LogParticles: Destroying 0 GPU particle simulations for FXSystem 0x00000005BE254180
[2015.07.29-21.06.18:533][469]LogSavePackage: Save=161.760483ms
[2015.07.29-21.06.18:534][469]LogSavePackage: Moving '../../../../../../Users/Kyle/Desktop/Classes/GSP340-Level Design/Temple-Genesis/TempleGenesis/Saved/ThirdPersonCharacter1F2CCBFA4D2B92C5B70F1AB7F977CB16.tmp' to '../../../../../../Users/Kyle/Desktop/Classes/GSP340-Level Design/Temple-Genesis/TempleGenesis/Content/ThirdPersonBP/Blueprints/ThirdPersonCharacter.uasset'
[2015.07.29-21.06.24:376][796]LogEditorViewport: Clicking on Actor (LMB): StaticMeshActor (Wall3)
[2015.07.29-21.06.25:332][877]BlueprintLog: New page: Pre-PIE auto-recompile
[2015.07.29-21.06.25:339][877]LogActorComponent: UnregisterComponent: (/Engine/Transient.CharMoveComp) Not registered. Aborting.
[2015.07.29-21.06.25:360][877]LogPlayLevel: [PIE] Compiling ThirdPersonCharacter before PIE...
[2015.07.29-21.06.25:530][877]LogPlayLevel: PIE:  Blueprint regeneration took 198 ms (1 blueprints)
[2015.07.29-21.06.25:530][877]PIE: New page: PIE session: Level001 (Jul 29, 2015, 7:06:25 AM)
[2015.07.29-21.06.25:530][877]LogPlayLevel: Creating play world package: /Game/ThirdPersonBP/Maps/UEDPIE_0_Level001
[2015.07.29-21.06.25:559][877]LogPlayLevel: PIE: StaticDuplicateObject took: (0.028359s)
[2015.07.29-21.06.25:560][877]LogAIModule: Creating AISystem for world Level001
[2015.07.29-21.06.25:562][877]LogPlayLevel: PIE: World Init took: (0.002765s)
[2015.07.29-21.06.25:562][877]LogPlayLevel: PIE: Created PIE world by copying editor world from /Game/ThirdPersonBP/Maps/Level001.Level001 to /Game/ThirdPersonBP/Maps/UEDPIE_0_Level001.Level001 (0.031492s)
[2015.07.29-21.06.25:675][877]LogInit: XAudio2 using 'Speakers (Realtek High Definition Audio)' : 2 channels at 48 kHz using 32 bits per sample (channel mask 0x3)
[2015.07.29-21.06.25:683][877]LogInit: FAudioDevice initialized.
[2015.07.29-21.06.25:721][877]LogWorld: Game class is 'ThirdPersonGameMode_C'
[2015.07.29-21.06.25:729][877]LogWorld: Bringing World /Game/ThirdPersonBP/Maps/UEDPIE_0_Level001.Level001 up for play (max tick rate 0) at 2015.07.29-14.06.25
[2015.07.29-21.06.25:729][877]LogActor:Warning: GameSession /Game/ThirdPersonBP/Maps/UEDPIE_0_Level001.Level001:PersistentLevel.GameSession_10 has natively added scene component(s), but none of them were set as the actor's RootComponent - picking one arbitrarily
[2015.07.29-21.06.25:730][877]LogActor:Warning: GameNetworkManager /Game/ThirdPersonBP/Maps/UEDPIE_0_Level001.Level001:PersistentLevel.GameNetworkManager_10 has natively added scene component(s), but none of them were set as the actor's RootComponent - picking one arbitrarily
[2015.07.29-21.06.25:730][877]LogWorld: Bringing up level for play took: 0.008007
[2015.07.29-21.06.25:732][877]PIE: Info Play in editor start time for /Game/ThirdPersonBP/Maps/UEDPIE_0_Level001 0.764
[2015.07.29-21.06.35:527][503]LogActorComponent: UnregisterComponent: (/Engine/Transient.CharMoveComp) Not registered. Aborting.
[2015.07.29-21.06.35:615][504]LogParticles: Destroying 0 GPU particle simulations for FXSystem 0x00000005BDF34CC0
[2015.07.29-21.09.46:295][212]LogSavePackage: Save=181.200333ms
[2015.07.29-21.09.46:296][212]LogSavePackage: Moving '../../../../../../Users/Kyle/Desktop/Classes/GSP340-Level Design/Temple-Genesis/TempleGenesis/Saved/ThirdPersonCharacter29AEF2F14F1257342ABFCFAC5DC00C45.tmp' to '../../../../../../Users/Kyle/Desktop/Classes/GSP340-Level Design/Temple-Genesis/TempleGenesis/Content/ThirdPersonBP/Blueprints/ThirdPersonCharacter.uasset'
[2015.07.29-21.10.12:818][711]BlueprintLog: New page: Pre-PIE auto-recompile
[2015.07.29-21.10.12:822][711]LogActorComponent: UnregisterComponent: (/Engine/Transient.CharMoveComp) Not registered. Aborting.
[2015.07.29-21.10.12:843][711]LogPlayLevel: [PIE] Compiling ThirdPersonCharacter before PIE...
[2015.07.29-21.10.13:031][711]LogPlayLevel: PIE:  Blueprint regeneration took 213 ms (1 blueprints)
[2015.07.29-21.10.13:031][711]PIE: New page: PIE session: Level001 (Jul 29, 2015, 7:10:13 AM)
[2015.07.29-21.10.13:031][711]LogPlayLevel: Creating play world package: /Game/ThirdPersonBP/Maps/UEDPIE_0_Level001
[2015.07.29-21.10.13:062][711]LogPlayLevel: PIE: StaticDuplicateObject took: (0.030464s)
[2015.07.29-21.10.13:063][711]LogAIModule: Creating AISystem for world Level001
[2015.07.29-21.10.13:064][711]LogPlayLevel: PIE: World Init took: (0.002335s)
[2015.07.29-21.10.13:065][711]LogPlayLevel: PIE: Created PIE world by copying editor world from /Game/ThirdPersonBP/Maps/Level001.Level001 to /Game/ThirdPersonBP/Maps/UEDPIE_0_Level001.Level001 (0.033186s)
[2015.07.29-21.10.13:121][711]LogInit: XAudio2 using 'Speakers (Realtek High Definition Audio)' : 2 channels at 48 kHz using 32 bits per sample (channel mask 0x3)
[2015.07.29-21.10.13:130][711]LogInit: FAudioDevice initialized.
[2015.07.29-21.10.13:164][711]LogWorld: Game class is 'ThirdPersonGameMode_C'
[2015.07.29-21.10.13:172][711]LogWorld: Bringing World /Game/ThirdPersonBP/Maps/UEDPIE_0_Level001.Level001 up for play (max tick rate 0) at 2015.07.29-14.10.13
[2015.07.29-21.10.13:172][711]LogActor:Warning: GameSession /Game/ThirdPersonBP/Maps/UEDPIE_0_Level001.Level001:PersistentLevel.GameSession_11 has natively added scene component(s), but none of them were set as the actor's RootComponent - picking one arbitrarily
[2015.07.29-21.10.13:173][711]LogActor:Warning: GameNetworkManager /Game/ThirdPersonBP/Maps/UEDPIE_0_Level001.Level001:PersistentLevel.GameNetworkManager_11 has natively added scene component(s), but none of them were set as the actor's RootComponent - picking one arbitrarily
[2015.07.29-21.10.13:173][711]LogWorld: Bringing up level for play took: 0.007996
[2015.07.29-21.10.13:176][711]PIE: Info Play in editor start time for /Game/ThirdPersonBP/Maps/UEDPIE_0_Level001 0.208
[2015.07.29-21.10.33:079][  8]LogActorComponent: UnregisterComponent: (/Engine/Transient.CharMoveComp) Not registered. Aborting.
[2015.07.29-21.10.33:148][  8]LogParticles: Destroying 0 GPU particle simulations for FXSystem 0x00000005BBAE6AC0
[2015.07.29-21.10.49:023][853]LogSavePackage: Save=106.078674ms
[2015.07.29-21.10.49:023][853]LogSavePackage: Moving '../../../../../../Users/Kyle/Desktop/Classes/GSP340-Level Design/Temple-Genesis/TempleGenesis/Saved/ThirdPersonCharacterDE0CDC014C29E76C96BB72BBC3C8F59B.tmp' to '../../../../../../Users/Kyle/Desktop/Classes/GSP340-Level Design/Temple-Genesis/TempleGenesis/Content/ThirdPersonBP/Blueprints/ThirdPersonCharacter.uasset'
[2015.07.29-21.10.56:215][136]BlueprintLog: New page: Pre-PIE auto-recompile
[2015.07.29-21.10.56:221][136]LogActorComponent: UnregisterComponent: (/Engine/Transient.CharMoveComp) Not registered. Aborting.
[2015.07.29-21.10.56:250][136]LogPlayLevel: [PIE] Compiling ThirdPersonCharacter before PIE...
[2015.07.29-21.10.56:454][136]LogPlayLevel: PIE:  Blueprint regeneration took 238 ms (1 blueprints)
[2015.07.29-21.10.56:454][136]PIE: New page: PIE session: Level001 (Jul 29, 2015, 7:10:56 AM)
[2015.07.29-21.10.56:454][136]LogPlayLevel: Creating play world package: /Game/ThirdPersonBP/Maps/UEDPIE_0_Level001
[2015.07.29-21.10.56:483][136]LogPlayLevel: PIE: StaticDuplicateObject took: (0.028541s)
[2015.07.29-21.10.56:484][136]LogAIModule: Creating AISystem for world Level001
[2015.07.29-21.10.56:485][136]LogPlayLevel: PIE: World Init took: (0.002225s)
[2015.07.29-21.10.56:486][136]LogPlayLevel: PIE: Created PIE world by copying editor world from /Game/ThirdPersonBP/Maps/Level001.Level001 to /Game/ThirdPersonBP/Maps/UEDPIE_0_Level001.Level001 (0.031054s)
[2015.07.29-21.10.56:539][136]LogInit: XAudio2 using 'Speakers (Realtek High Definition Audio)' : 2 channels at 48 kHz using 32 bits per sample (channel mask 0x3)
[2015.07.29-21.10.56:547][136]LogInit: FAudioDevice initialized.
[2015.07.29-21.10.56:585][136]LogWorld: Game class is 'ThirdPersonGameMode_C'
[2015.07.29-21.10.56:595][136]LogWorld: Bringing World /Game/ThirdPersonBP/Maps/UEDPIE_0_Level001.Level001 up for play (max tick rate 0) at 2015.07.29-14.10.56
[2015.07.29-21.10.56:595][136]LogActor:Warning: GameSession /Game/ThirdPersonBP/Maps/UEDPIE_0_Level001.Level001:PersistentLevel.GameSession_12 has natively added scene component(s), but none of them were set as the actor's RootComponent - picking one arbitrarily
[2015.07.29-21.10.56:595][136]LogActor:Warning: GameNetworkManager /Game/ThirdPersonBP/Maps/UEDPIE_0_Level001.Level001:PersistentLevel.GameNetworkManager_12 has natively added scene component(s), but none of them were set as the actor's RootComponent - picking one arbitrarily
[2015.07.29-21.10.56:596][136]LogWorld: Bringing up level for play took: 0.009197
[2015.07.29-21.10.56:598][136]PIE: Info Play in editor start time for /Game/ThirdPersonBP/Maps/UEDPIE_0_Level001 -0.37
[2015.07.29-21.11.13:604][239]LogActor:Warning: ThirdPersonCharacter_C_4 is outside the world bounds!
[2015.07.29-21.11.18:484][591]LogActorComponent: UnregisterComponent: (/Engine/Transient.CharMoveComp) Not registered. Aborting.
[2015.07.29-21.11.18:552][591]LogParticles: Destroying 0 GPU particle simulations for FXSystem 0x00000005BFBB4FE0
[2015.07.29-21.11.25:465][ 24]LogPlayLevel: PIE:  No blueprints needed recompiling
[2015.07.29-21.11.25:465][ 24]PIE: New page: PIE session: Level001 (Jul 29, 2015, 7:11:25 AM)
[2015.07.29-21.11.25:466][ 24]LogPlayLevel: Creating play world package: /Game/ThirdPersonBP/Maps/UEDPIE_0_Level001
[2015.07.29-21.11.25:493][ 24]LogPlayLevel: PIE: StaticDuplicateObject took: (0.027450s)
[2015.07.29-21.11.25:494][ 24]LogAIModule: Creating AISystem for world Level001
[2015.07.29-21.11.25:496][ 24]LogPlayLevel: PIE: World Init took: (0.002383s)
[2015.07.29-21.11.25:496][ 24]LogPlayLevel: PIE: Created PIE world by copying editor world from /Game/ThirdPersonBP/Maps/Level001.Level001 to /Game/ThirdPersonBP/Maps/UEDPIE_0_Level001.Level001 (0.030230s)
[2015.07.29-21.11.25:496][ 24]LogActorComponent: UnregisterComponent: (/Engine/Transient.CharMoveComp) Not registered. Aborting.
[2015.07.29-21.11.25:551][ 24]LogInit: XAudio2 using 'Speakers (Realtek High Definition Audio)' : 2 channels at 48 kHz using 32 bits per sample (channel mask 0x3)
[2015.07.29-21.11.25:560][ 24]LogInit: FAudioDevice initialized.
[2015.07.29-21.11.25:599][ 24]LogWorld: Game class is 'ThirdPersonGameMode_C'
[2015.07.29-21.11.25:609][ 24]LogWorld: Bringing World /Game/ThirdPersonBP/Maps/UEDPIE_0_Level001.Level001 up for play (max tick rate 0) at 2015.07.29-14.11.25
[2015.07.29-21.11.25:609][ 24]LogActor:Warning: GameSession /Game/ThirdPersonBP/Maps/UEDPIE_0_Level001.Level001:PersistentLevel.GameSession_13 has natively added scene component(s), but none of them were set as the actor's RootComponent - picking one arbitrarily
[2015.07.29-21.11.25:610][ 24]LogActor:Warning: GameNetworkManager /Game/ThirdPersonBP/Maps/UEDPIE_0_Level001.Level001:PersistentLevel.GameNetworkManager_13 has natively added scene component(s), but none of them were set as the actor's RootComponent - picking one arbitrarily
[2015.07.29-21.11.25:610][ 24]LogWorld: Bringing up level for play took: 0.009402
[2015.07.29-21.11.25:612][ 24]PIE: Info Play in editor start time for /Game/ThirdPersonBP/Maps/UEDPIE_0_Level001 0.644
[2015.07.29-21.12.13:841][998]LogParticles: Destroying 0 GPU particle simulations for FXSystem 0x000000059235FCE0
[2015.07.29-21.12.41:976][ 61]LogPlayLevel: PIE:  No blueprints needed recompiling
[2015.07.29-21.12.41:976][ 61]PIE: New page: PIE session: Level001 (Jul 29, 2015, 7:12:41 AM)
[2015.07.29-21.12.41:976][ 61]LogPlayLevel: Creating play world package: /Game/ThirdPersonBP/Maps/UEDPIE_0_Level001
[2015.07.29-21.12.42:005][ 61]LogPlayLevel: PIE: StaticDuplicateObject took: (0.029245s)
[2015.07.29-21.12.42:006][ 61]LogAIModule: Creating AISystem for world Level001
[2015.07.29-21.12.42:008][ 61]LogPlayLevel: PIE: World Init took: (0.002545s)
[2015.07.29-21.12.42:008][ 61]LogPlayLevel: PIE: Created PIE world by copying editor world from /Game/ThirdPersonBP/Maps/Level001.Level001 to /Game/ThirdPersonBP/Maps/UEDPIE_0_Level001.Level001 (0.032124s)
[2015.07.29-21.12.42:065][ 61]LogInit: XAudio2 using 'Speakers (Realtek High Definition Audio)' : 2 channels at 48 kHz using 32 bits per sample (channel mask 0x3)
[2015.07.29-21.12.42:075][ 61]LogInit: FAudioDevice initialized.
[2015.07.29-21.12.42:115][ 61]LogWorld: Game class is 'ThirdPersonGameMode_C'
[2015.07.29-21.12.42:125][ 61]LogWorld: Bringing World /Game/ThirdPersonBP/Maps/UEDPIE_0_Level001.Level001 up for play (max tick rate 0) at 2015.07.29-14.12.42
[2015.07.29-21.12.42:125][ 61]LogActor:Warning: GameSession /Game/ThirdPersonBP/Maps/UEDPIE_0_Level001.Level001:PersistentLevel.GameSession_14 has natively added scene component(s), but none of them were set as the actor's RootComponent - picking one arbitrarily
[2015.07.29-21.12.42:125][ 61]LogActor:Warning: GameNetworkManager /Game/ThirdPersonBP/Maps/UEDPIE_0_Level001.Level001:PersistentLevel.GameNetworkManager_14 has natively added scene component(s), but none of them were set as the actor's RootComponent - picking one arbitrarily
[2015.07.29-21.12.42:126][ 61]LogWorld: Bringing up level for play took: 0.009031
[2015.07.29-21.12.42:128][ 61]PIE: Info Play in editor start time for /Game/ThirdPersonBP/Maps/UEDPIE_0_Level001 -0.841
[2015.07.29-21.14.43:298][648]LogActor:Warning: ThirdPersonCharacter_C_4 is outside the world bounds!
[2015.07.29-21.14.47:553][969]LogParticles: Destroying 0 GPU particle simulations for FXSystem 0x00000005B9FD3560
[2015.07.29-21.14.50:258][182]LogEditorViewport: Clicking on Actor (LMB): BP_Sky_Sphere_C (SkySphereBlueprint)
[2015.07.29-21.15.18:823][114]LogSavePackage: Save=2962.389893ms
[2015.07.29-21.15.18:823][114]LogSavePackage: Moving '../../../../../../Users/Kyle/Desktop/Classes/GSP340-Level Design/Temple-Genesis/TempleGenesis/Saved/Level001_Auto5C2CD641E42FC915763E92D9C75E03B7A.tmp' to '../../../../../../Users/Kyle/Desktop/Classes/GSP340-Level Design/Temple-Genesis/TempleGenesis/Saved/Autosaves/Game/ThirdPersonBP/Maps/Level001_Auto5.umap'
[2015.07.29-21.15.18:830][114]LogFileHelpers: Editor autosave (incl. sublevels) for '/Game/ThirdPersonBP/Maps/Level001' took 3.048
[2015.07.29-21.15.18:830][114]LogFileHelpers: Editor autosave (incl. sublevels) for all levels took 3.048
[2015.07.29-21.17.54:728][204]LogActorComponent: UnregisterComponent: (/Engine/Transient.CharMoveComp) Not registered. Aborting.
[2015.07.29-21.20.03:921][376]LogActorComponent: UnregisterComponent: (/Engine/Transient.CharacterMovementComponent_9) Not registered. Aborting.
[2015.07.29-21.20.06:918][376]LogSavePackage: Save=2938.905762ms
[2015.07.29-21.20.06:919][376]LogSavePackage: Moving '../../../../../../Users/Kyle/Desktop/Classes/GSP340-Level Design/Temple-Genesis/TempleGenesis/Saved/Level0016F4F29D54E05BF8C269DF2AB2B8F1733.tmp' to '../../../../../../Users/Kyle/Desktop/Classes/GSP340-Level Design/Temple-Genesis/TempleGenesis/Content/ThirdPersonBP/Maps/Level001.umap'
[2015.07.29-21.20.08:672][458]LogSavePackage: Save=125.908119ms
[2015.07.29-21.20.08:672][458]LogSavePackage: Moving '../../../../../../Users/Kyle/Desktop/Classes/GSP340-Level Design/Temple-Genesis/TempleGenesis/Saved/ThirdPersonCharacter571626A94AE4E5C00F59A6971F548DA7.tmp' to '../../../../../../Users/Kyle/Desktop/Classes/GSP340-Level Design/Temple-Genesis/TempleGenesis/Content/ThirdPersonBP/Blueprints/ThirdPersonCharacter.uasset'
[2015.07.29-21.20.17:747][ 54]BlueprintLog: New page: Pre-PIE auto-recompile
[2015.07.29-21.20.17:753][ 54]LogActorComponent: UnregisterComponent: (/Engine/Transient.CharMoveComp) Not registered. Aborting.
[2015.07.29-21.20.17:771][ 54]LogPlayLevel: [PIE] Compiling ThirdPersonCharacter before PIE...
[2015.07.29-21.20.17:964][ 54]LogPlayLevel: PIE:  Blueprint regeneration took 216 ms (1 blueprints)
[2015.07.29-21.20.17:964][ 54]PIE: New page: PIE session: Level001 (Jul 29, 2015, 7:20:17 AM)
[2015.07.29-21.20.17:964][ 54]LogPlayLevel: Creating play world package: /Game/ThirdPersonBP/Maps/UEDPIE_0_Level001
[2015.07.29-21.20.17:994][ 54]LogPlayLevel: PIE: StaticDuplicateObject took: (0.029832s)
[2015.07.29-21.20.17:996][ 54]LogAIModule: Creating AISystem for world Level001
[2015.07.29-21.20.17:997][ 54]LogPlayLevel: PIE: World Init took: (0.002483s)
[2015.07.29-21.20.17:997][ 54]LogPlayLevel: PIE: Created PIE world by copying editor world from /Game/ThirdPersonBP/Maps/Level001.Level001 to /Game/ThirdPersonBP/Maps/UEDPIE_0_Level001.Level001 (0.032615s)
[2015.07.29-21.20.18:050][ 54]LogInit: XAudio2 using 'Speakers (Realtek High Definition Audio)' : 2 channels at 48 kHz using 32 bits per sample (channel mask 0x3)
[2015.07.29-21.20.18:059][ 54]LogInit: FAudioDevice initialized.
[2015.07.29-21.20.18:094][ 54]LogWorld: Game class is 'ThirdPersonGameMode_C'
[2015.07.29-21.20.18:102][ 54]LogWorld: Bringing World /Game/ThirdPersonBP/Maps/UEDPIE_0_Level001.Level001 up for play (max tick rate 0) at 2015.07.29-14.20.18
[2015.07.29-21.20.18:102][ 54]LogActor:Warning: GameSession /Game/ThirdPersonBP/Maps/UEDPIE_0_Level001.Level001:PersistentLevel.GameSession_15 has natively added scene component(s), but none of them were set as the actor's RootComponent - picking one arbitrarily
[2015.07.29-21.20.18:102][ 54]LogActor:Warning: GameNetworkManager /Game/ThirdPersonBP/Maps/UEDPIE_0_Level001.Level001:PersistentLevel.GameNetworkManager_15 has natively added scene component(s), but none of them were set as the actor's RootComponent - picking one arbitrarily
[2015.07.29-21.20.18:103][ 54]LogWorld: Bringing up level for play took: 0.007688
[2015.07.29-21.20.18:105][ 54]PIE: Info Play in editor start time for /Game/ThirdPersonBP/Maps/UEDPIE_0_Level001 1.137
[2015.07.29-21.21.17:785][259]LogActorComponent: UnregisterComponent: (/Engine/Transient.CharMoveComp) Not registered. Aborting.
[2015.07.29-21.22.07:925][797]LogParticles: Destroying 0 GPU particle simulations for FXSystem 0x00000005B9FD2E80
[2015.07.29-21.22.14:145][380]LogParticles: Destroying 0 GPU particle simulations for FXSystem 0x00000005B51E37E0
[2015.07.29-21.22.17:282][380]LogSavePackage: Save=2942.981445ms
[2015.07.29-21.22.17:282][380]LogSavePackage: Moving '../../../../../../Users/Kyle/Desktop/Classes/GSP340-Level Design/Temple-Genesis/TempleGenesis/Saved/Level0018E22863B454244C7C24E278FC4ED77F7.tmp' to '../../../../../../Users/Kyle/Desktop/Classes/GSP340-Level Design/Temple-Genesis/TempleGenesis/Content/ThirdPersonBP/Maps/Level001.umap'
[2015.07.29-21.22.17:374][380]LogFileHelpers: Saving map 'Level001' took 3.188
[2015.07.29-21.22.30:935][966]LogWindowsTextInputMethodSystem:Display: IME system now deactivated.
[2015.07.29-21.22.31:266][967]Cmd: QUIT_EDITOR
[2015.07.29-21.22.32:298][967]LogExit: Preparing to exit.
[2015.07.29-21.22.33:356][967]LogExit: Editor shut down
[2015.07.29-21.22.33:357][967]LogParticles: Destroying 0 GPU particle simulations for FXSystem 0x0000000587BF7EC0
[2015.07.29-21.22.33:357][967]LogExit: Transaction tracking system shut down
[2015.07.29-21.22.33:358][967]LogParticles: Destroying 0 GPU particle simulations for FXSystem 0x0000000588E1F740
[2015.07.29-21.22.33:360][967]LogParticles: Destroying 0 GPU particle simulations for FXSystem 0x00000005997F8900
[2015.07.29-21.22.33:361][967]LogParticles: Destroying 0 GPU particle simulations for FXSystem 0x000000059C7844A0
[2015.07.29-21.22.33:365][967]LogParticles: Destroying 0 GPU particle simulations for FXSystem 0x000000059C531F80
[2015.07.29-21.22.34:266][967]LogExit: Object subsystem successfully closed.
[2015.07.29-21.22.34:728][967]LogModuleManager: Shutting down and abandoning module StatsViewer (188)
[2015.07.29-21.22.34:750][967]LogModuleManager: Shutting down and abandoning module CrashTracker (187)
[2015.07.29-21.22.34:750][967]LogModuleManager: Shutting down and abandoning module SceneOutliner (186)
[2015.07.29-21.22.34:750][967]LogModuleManager: Shutting down and abandoning module SuperSearch (185)
[2015.07.29-21.22.34:750][967]LogModuleManager: Shutting down and abandoning module WidgetCarousel (184)
[2015.07.29-21.22.34:763][967]LogModuleManager: Shutting down and abandoning module AddContentDialog (183)
[2015.07.29-21.22.34:782][967]LogModuleManager: Shutting down and abandoning module EditorWidgets (182)
[2015.07.29-21.22.34:782][967]LogModuleManager: Shutting down and abandoning module CollectionManager (181)
[2015.07.29-21.22.34:783][967]LogModuleManager: Shutting down and abandoning module FoliageEdit (180)
[2015.07.29-21.22.34:794][967]LogModuleManager: Shutting down and abandoning module LandscapeEditor (179)
[2015.07.29-21.22.34:816][967]LogModuleManager: Shutting down and abandoning module ActorPickerMode (178)
[2015.07.29-21.22.34:816][967]LogModuleManager: Shutting down and abandoning module GeometryMode (177)
[2015.07.29-21.22.34:816][967]LogModuleManager: Shutting down and abandoning module TextureAlignMode (176)
[2015.07.29-21.22.34:816][967]LogModuleManager: Shutting down and abandoning module BspMode (175)
[2015.07.29-21.22.34:816][967]LogModuleManager: Shutting down and abandoning module PlacementMode (174)
[2015.07.29-21.22.34:824][967]LogModuleManager: Shutting down and abandoning module AutomationWorker (173)
[2015.07.29-21.22.34:824][967]LogModuleManager: Shutting down and abandoning module CharacterAI (172)
[2015.07.29-21.22.34:824][967]LogModuleManager: Shutting down and abandoning module SmartSnapping (171)
[2015.07.29-21.22.34:825][967]LogModuleManager: Shutting down and abandoning module ViewportSnapping (170)
[2015.07.29-21.22.34:825][967]LogModuleManager: Shutting down and abandoning module LogVisualizer (169)
[2015.07.29-21.22.34:850][967]LogModuleManager: Shutting down and abandoning module GameProjectGeneration (168)
[2015.07.29-21.22.34:863][967]LogModuleManager: Shutting down and abandoning module IntroTutorials (167)
[2015.07.29-21.22.34:879][967]LogModuleManager: Shutting down and abandoning module EditorLiveStreaming (166)
[2015.07.29-21.22.34:879][967]LogModuleManager: Shutting down and abandoning module IOSPlatformEditor (165)
[2015.07.29-21.22.34:879][967]LogModuleManager: Shutting down and abandoning module HTML5PlatformEditor (164)
[2015.07.29-21.22.34:879][967]LogModuleManager: Shutting down and abandoning module AndroidDeviceDetection (163)
[2015.07.29-21.22.35:144][967]LogModuleManager: Shutting down and abandoning module AndroidPlatformEditor (162)
[2015.07.29-21.22.35:144][967]LogModuleManager: Shutting down and abandoning module IOSRuntimeSettings (161)
[2015.07.29-21.22.35:144][967]LogModuleManager: Shutting down and abandoning module AndroidRuntimeSettings (160)
[2015.07.29-21.22.35:144][967]LogModuleManager: Shutting down and abandoning module MergeActors (159)
[2015.07.29-21.22.35:162][967]LogModuleManager: Shutting down and abandoning module SizeMap (158)
[2015.07.29-21.22.35:162][967]LogModuleManager: Shutting down and abandoning module TreeMap (157)
[2015.07.29-21.22.35:246][967]LogModuleManager: Shutting down and abandoning module ReferenceViewer (156)
[2015.07.29-21.22.35:246][967]LogModuleManager: Shutting down and abandoning module LocalizationDashboard (155)
[2015.07.29-21.22.35:246][967]LogModuleManager: Shutting down and abandoning module HardwareTargeting (154)
[2015.07.29-21.22.35:246][967]LogModuleManager: Shutting down and abandoning module DeviceProfileEditor (153)
[2015.07.29-21.22.35:246][967]LogModuleManager: Shutting down and abandoning module UndoHistory (152)
[2015.07.29-21.22.35:246][967]LogModuleManager: Shutting down and abandoning module GameplayTagsEditor (151)
[2015.07.29-21.22.35:246][967]LogModuleManager: Shutting down and abandoning module UserFeedback (150)
[2015.07.29-21.22.35:246][967]LogModuleManager: Shutting down and abandoning module XmlParser (149)
[2015.07.29-21.22.35:288][967]LogModuleManager: Shutting down and abandoning module Blutility (148)
[2015.07.29-21.22.35:288][967]LogModuleManager: Shutting down and abandoning module ProjectTargetPlatformEditor (147)
[2015.07.29-21.22.35:288][967]LogModuleManager: Shutting down and abandoning module ProjectSettingsViewer (146)
[2015.07.29-21.22.35:288][967]LogModuleManager: Shutting down and abandoning module InputBindingEditor (145)
[2015.07.29-21.22.35:288][967]LogModuleManager: Shutting down and abandoning module EditorSettingsViewer (144)
[2015.07.29-21.22.35:288][967]LogModuleManager: Shutting down and abandoning module SettingsEditor (143)
[2015.07.29-21.22.35:288][967]LogModuleManager: Shutting down and abandoning module ProjectLauncher (142)
[2015.07.29-21.22.35:302][967]LogModuleManager: Shutting down and abandoning module SessionFrontend (141)
[2015.07.29-21.22.35:302][967]LogModuleManager: Shutting down and abandoning module ProfilerClient (140)
[2015.07.29-21.22.35:333][967]LogModuleManager: Shutting down and abandoning module TargetDeviceServices (139)
[2015.07.29-21.22.35:333][967]LogModuleManager: Shutting down and abandoning module DeviceManager (138)
[2015.07.29-21.22.35:333][967]LogModuleManager: Shutting down and abandoning module AutomationController (137)
[2015.07.29-21.22.35:362][967]LogModuleManager: Shutting down and abandoning module AutomationWindow (136)
[2015.07.29-21.22.35:383][967]LogModuleManager: Shutting down and abandoning module Layers (135)
[2015.07.29-21.22.35:507][967]LogModuleManager: Shutting down and abandoning module ComponentVisualizers (134)
[2015.07.29-21.22.35:507][967]LogModuleManager: Shutting down and abandoning module DetailCustomizations (133)
[2015.07.29-21.22.35:507][967]LogModuleManager: Shutting down and abandoning module PackagesDialog (132)
[2015.07.29-21.22.35:538][967]LogModuleManager: Shutting down and abandoning module AssetRegistry (131)
[2015.07.29-21.22.35:618][967]LogModuleManager: Shutting down and abandoning module Persona (130)
[2015.07.29-21.22.35:625][967]LogModuleManager: Shutting down and abandoning module Kismet (129)
[2015.07.29-21.22.35:625][967]LogModuleManager: Shutting down and abandoning module GraphEditor (128)
[2015.07.29-21.22.35:625][967]LogModuleManager: Shutting down and abandoning module ClassViewer (127)
[2015.07.29-21.22.35:625][967]LogModuleManager: Shutting down and abandoning module Toolbox (126)
[2015.07.29-21.22.35:625][967]LogModuleManager: Shutting down and abandoning module ModuleUI (125)
[2015.07.29-21.22.35:644][967]LogModuleManager: Shutting down and abandoning module MovieSceneTools (124)
[2015.07.29-21.22.35:661][967]LogModuleManager: Shutting down and abandoning module OutputLog (123)
[2015.07.29-21.22.35:661][967]LogModuleManager: Shutting down and abandoning module GammaUI (122)
[2015.07.29-21.22.35:685][967]LogModuleManager: Shutting down and abandoning module Documentation (121)
[2015.07.29-21.22.35:685][967]LogModuleManager: Shutting down and abandoning module GameLiveStreaming (120)
[2015.07.29-21.22.35:707][967]LogModuleManager: Shutting down and abandoning module StreamingPauseRendering (119)
[2015.07.29-21.22.35:707][967]LogModuleManager: Shutting down and abandoning module AnalyticsET (118)
[2015.07.29-21.22.35:707][967]LogModuleManager: Shutting down and abandoning module Analytics (117)
[2015.07.29-21.22.35:707][967]LogModuleManager: Shutting down and abandoning module AITestSuite (116)
[2015.07.29-21.22.35:707][967]LogModuleManager: Shutting down and abandoning module GameplayDebugger (115)
[2015.07.29-21.22.35:707][967]LogModuleManager: Shutting down and abandoning module AIModule (114)
[2015.07.29-21.22.35:707][967]LogModuleManager: Shutting down and abandoning module ProfilerService (113)
[2015.07.29-21.22.35:930][967]LogModuleManager: Shutting down and abandoning module TaskGraph (112)
[2015.07.29-21.22.35:956][967]LogModuleManager: Shutting down and abandoning module SlateRemote (111)
[2015.07.29-21.22.35:956][967]LogModuleManager: Shutting down and abandoning module SteamVRController (110)
[2015.07.29-21.22.35:956][967]LogModuleManager: Shutting down and abandoning module SteamVR (109)
[2015.07.29-21.22.35:956][967]LogModuleManager: Shutting down and abandoning module ProceduralMeshComponent (108)
[2015.07.29-21.22.35:956][967]LogModuleManager: Shutting down and abandoning module OculusRift (107)
[2015.07.29-21.22.35:956][967]LogModuleManager: Shutting down and abandoning module LeapMotionController (106)
[2015.07.29-21.22.35:981][967]LogModuleManager: Shutting down and abandoning module CustomMeshComponent (105)
[2015.07.29-21.22.35:981][967]LogModuleManager: Shutting down and abandoning module CableComponent (104)
[2015.07.29-21.22.35:981][967]LogModuleManager: Shutting down and abandoning module MessagingDebugger (103)
[2015.07.29-21.22.36:017][967]LogModuleManager: Shutting down and abandoning module MediaPlayerEditor (102)
[2015.07.29-21.22.36:047][967]LogModuleManager: Shutting down and abandoning module SpeedTreeImporter (101)
[2015.07.29-21.22.36:047][967]LogModuleManager: Shutting down and abandoning module PluginBrowser (100)
[2015.07.29-21.22.36:047][967]LogModuleManager: Shutting down and abandoning module EpicSurvey (99)
[2015.07.29-21.22.36:047][967]LogModuleManager: Shutting down and abandoning module DesktopPlatform (98)
[2015.07.29-21.22.36:074][967]LogModuleManager: Shutting down and abandoning module VisualStudioSourceCodeAccess (97)
[2015.07.29-21.22.36:074][967]LogModuleManager: Shutting down and abandoning module UObjectPlugin (96)
[2015.07.29-21.22.36:074][967]LogModuleManager: Shutting down and abandoning module SubversionSourceControl (95)
[2015.07.29-21.22.36:074][967]LogModuleManager: Shutting down and abandoning module PerforceSourceControl (94)
[2015.07.29-21.22.36:102][967]LogModuleManager: Shutting down and abandoning module SourceControl (93)
[2015.07.29-21.22.36:117][967]LogModuleManager: Shutting down and abandoning module GitSourceControl (92)
[2015.07.29-21.22.36:117][967]LogModuleManager: Shutting down and abandoning module BlankPlugin (91)
[2015.07.29-21.22.36:118][967]LogModuleManager: Shutting down and abandoning module PaperTiledImporter (90)
[2015.07.29-21.22.36:118][967]LogModuleManager: Shutting down and abandoning module PaperSpriteSheetImporter (89)
[2015.07.29-21.22.36:118][967]LogModuleManager: Shutting down and abandoning module MeshPaint (88)
[2015.07.29-21.22.36:118][967]LogModuleManager: Shutting down and abandoning module SlateReflector (87)
[2015.07.29-21.22.36:132][967]LogModuleManager: Shutting down and abandoning module DirectoryWatcher (86)
[2015.07.29-21.22.36:136][967]LogModuleManager: Shutting down and abandoning module HotReload (85)
[2015.07.29-21.22.36:136][967]LogModuleManager: Shutting down and abandoning module MainFrame (84)
[2015.07.29-21.22.36:136][967]LogModuleManager: Shutting down and abandoning module LevelEditor (83)
[2015.07.29-21.22.36:165][967]LogModuleManager: Shutting down and abandoning module ContentBrowser (82)
[2015.07.29-21.22.36:167][967]LogModuleManager: Shutting down and abandoning module Paper2DEditor (81)
[2015.07.29-21.22.36:256][967]LogModuleManager: Shutting down and abandoning module UdpMessaging (80)
[2015.07.29-21.22.36:373][967]LogModuleManager: Shutting down and abandoning module Paper2D (79)
[2015.07.29-21.22.36:399][967]LogModuleManager: Shutting down and abandoning module WindowsMoviePlayer (78)
[2015.07.29-21.22.36:407][967]LogModuleManager: Shutting down and abandoning module Media (77)
[2015.07.29-21.22.36:407][967]LogModuleManager: Shutting down and abandoning module WmfMedia (76)
[2015.07.29-21.22.36:442][967]LogModuleManager: Shutting down and abandoning module OnlineBlueprintSupport (75)
[2015.07.29-21.22.36:442][967]LogModuleManager: Shutting down and abandoning module PropertyEditor (74)
[2015.07.29-21.22.36:442][967]LogModuleManager: Shutting down and abandoning module BehaviorTreeEditor (73)
[2015.07.29-21.22.36:497][967]LogModuleManager: Shutting down and abandoning module FunctionalTesting (72)
[2015.07.29-21.22.36:497][967]LogModuleManager: Shutting down and abandoning module CollisionAnalyzer (71)
[2015.07.29-21.22.36:518][967]LogModuleManager: Shutting down and abandoning module WorkspaceMenuStructure (70)
[2015.07.29-21.22.36:518][967]LogModuleManager: Shutting down and abandoning module MessageLog (69)
[2015.07.29-21.22.36:518][967]LogModuleManager: Shutting down and abandoning module Sequencer (68)
[2015.07.29-21.22.36:537][967]LogModuleManager: Shutting down and abandoning module AssetTools (67)
[2015.07.29-21.22.36:556][967]LogModuleManager: Shutting down and abandoning module UMGEditor (66)
[2015.07.29-21.22.36:556][967]LogModuleManager: Shutting down and abandoning module UMG (65)
[2015.07.29-21.22.36:571][967]LogModuleManager: Shutting down and abandoning module Slate (64)
[2015.07.29-21.22.36:571][967]LogModuleManager: Shutting down and abandoning module EditorStyle (63)
[2015.07.29-21.22.36:575][967]LogModuleManager: Shutting down and abandoning module SessionServices (62)
[2015.07.29-21.22.36:575][967]LogModuleManager: Shutting down and abandoning module SourceCodeAccess (61)
[2015.07.29-21.22.36:575][967]LogModuleManager: Shutting down and abandoning module HeadMountedDisplay (60)
[2015.07.29-21.22.36:575][967]LogModuleManager: Shutting down and abandoning module XAudio2 (59)
[2015.07.29-21.22.36:575][967]LogModuleManager: Shutting down and abandoning module Networking (57)
[2015.07.29-21.22.36:575][967]LogModuleManager: Shutting down and abandoning module Core (56)
[2015.07.29-21.22.36:575][967]LogModuleManager: Shutting down and abandoning module KismetCompiler (55)
[2015.07.29-21.22.36:575][967]LogModuleManager: Shutting down and abandoning module PhysXFormats (54)
[2015.07.29-21.22.36:588][967]LogModuleManager: Shutting down and abandoning module MeshUtilities (53)
[2015.07.29-21.22.36:605][967]LogModuleManager: Shutting down and abandoning module DerivedDataCache (52)
[2015.07.29-21.22.36:606][967]LogDerivedDataCache: Shutdown
[2015.07.29-21.22.36:606][967]LogModuleManager: Shutting down and abandoning module ShaderFormatOpenGL (51)
[2015.07.29-21.22.36:621][967]LogModuleManager: Shutting down and abandoning module ShaderFormatD3D (50)
[2015.07.29-21.22.36:637][967]LogModuleManager: Shutting down and abandoning module MetalShaderFormat (49)
[2015.07.29-21.22.36:649][967]LogModuleManager: Shutting down and abandoning module TextureFormatUncompressed (48)
[2015.07.29-21.22.36:649][967]LogModuleManager: Shutting down and abandoning module TextureFormatPVR (47)
[2015.07.29-21.22.36:658][967]LogModuleManager: Shutting down and abandoning module TextureFormatIntelISPCTexComp (46)
[2015.07.29-21.22.36:669][967]LogModuleManager: Shutting down and abandoning module TextureFormatDXT (45)
[2015.07.29-21.22.36:679][967]LogModuleManager: Shutting down and abandoning module ImageWrapper (44)
[2015.07.29-21.22.36:679][967]LogModuleManager: Shutting down and abandoning module TextureFormatASTC (43)
[2015.07.29-21.22.36:679][967]LogModuleManager: Shutting down and abandoning module TextureFormatAndroid (42)
[2015.07.29-21.22.36:679][967]LogModuleManager: Shutting down and abandoning module AudioFormatOpus (41)
[2015.07.29-21.22.36:691][967]LogModuleManager: Shutting down and abandoning module AudioFormatOgg (40)
[2015.07.29-21.22.36:704][967]LogModuleManager: Shutting down and abandoning module AudioFormatADPCM (39)
[2015.07.29-21.22.36:704][967]LogModuleManager: Shutting down and abandoning module LinuxTargetPlatform (38)
[2015.07.29-21.22.36:704][967]LogModuleManager: Shutting down and abandoning module LinuxServerTargetPlatform (37)
[2015.07.29-21.22.36:716][967]LogModuleManager: Shutting down and abandoning module LinuxNoEditorTargetPlatform (36)
[2015.07.29-21.22.36:725][967]LogModuleManager: Shutting down and abandoning module Messaging (35)
[2015.07.29-21.22.36:725][967]LogModuleManager: Shutting down and abandoning module IOSTargetPlatform (34)
[2015.07.29-21.22.36:725][967]LogModuleManager: Shutting down and abandoning module HTML5TargetPlatform (33)
[2015.07.29-21.22.36:725][967]LogModuleManager: Shutting down and abandoning module Android_PVRTCTargetPlatform (32)
[2015.07.29-21.22.36:725][967]LogModuleManager: Shutting down and abandoning module Android_ETC2TargetPlatform (31)
[2015.07.29-21.22.36:725][967]LogModuleManager: Shutting down and abandoning module Android_ETC1TargetPlatform (30)
[2015.07.29-21.22.36:725][967]LogModuleManager: Shutting down and abandoning module Android_DXTTargetPlatform (29)
[2015.07.29-21.22.36:725][967]LogModuleManager: Shutting down and abandoning module Android_ATCTargetPlatform (28)
[2015.07.29-21.22.36:725][967]LogModuleManager: Shutting down and abandoning module Android_ASTCTargetPlatform (27)
[2015.07.29-21.22.36:725][967]LogModuleManager: Shutting down and abandoning module AndroidTargetPlatform (26)
[2015.07.29-21.22.36:725][967]LogModuleManager: Shutting down and abandoning module WindowsTargetPlatform (25)
[2015.07.29-21.22.36:725][967]LogModuleManager: Shutting down and abandoning module WindowsServerTargetPlatform (24)
[2015.07.29-21.22.36:725][967]LogModuleManager: Shutting down and abandoning module WindowsNoEditorTargetPlatform (23)
[2015.07.29-21.22.36:725][967]LogModuleManager: Shutting down and abandoning module WindowsClientTargetPlatform (22)
[2015.07.29-21.22.36:725][967]LogModuleManager: Shutting down and abandoning module DesktopTargetPlatform (21)
[2015.07.29-21.22.36:725][967]LogModuleManager: Shutting down and abandoning module TargetPlatform (20)
[2015.07.29-21.22.36:725][967]LogModuleManager: Shutting down and abandoning module InputCore (19)
[2015.07.29-21.22.36:725][967]LogModuleManager: Shutting down and abandoning module Settings (18)
[2015.07.29-21.22.36:725][967]LogModuleManager: Shutting down and abandoning module OnlineSubsystem (16)
[2015.07.29-21.22.36:726][967]LogModuleManager: Shutting down and abandoning module HTTP (15)
[2015.07.29-21.22.36:726][967]LogModuleManager: Shutting down and abandoning module ExampleDeviceProfileSelector (14)
[2015.07.29-21.22.36:726][967]LogModuleManager: Shutting down and abandoning module TextureCompressor (13)
[2015.07.29-21.22.36:740][967]LogModuleManager: Shutting down and abandoning module ShaderCore (12)
[2015.07.29-21.22.36:740][967]LogModuleManager: Shutting down and abandoning module Landscape (11)
[2015.07.29-21.22.36:740][967]LogModuleManager: Shutting down and abandoning module SlateRHIRenderer (10)
[2015.07.29-21.22.36:763][967]LogModuleManager: Shutting down and abandoning module OpenGLDrv (9)
[2015.07.29-21.22.36:783][967]LogModuleManager: Shutting down and abandoning module D3D11RHI (8)
[2015.07.29-21.22.36:783][967]LogModuleManager: Shutting down and abandoning module Renderer (7)
[2015.07.29-21.22.36:783][967]LogModuleManager: Shutting down and abandoning module Engine (6)
[2015.07.29-21.22.36:783][967]LogModuleManager: Shutting down and abandoning module CoreUObject (5)
[2015.07.29-21.22.36:783][967]LogModuleManager: Shutting down and abandoning module NetworkFile (4)
[2015.07.29-21.22.36:798][967]LogModuleManager: Shutting down and abandoning module StreamingFile (3)
[2015.07.29-21.22.36:811][967]LogModuleManager: Shutting down and abandoning module SandboxFile (2)
[2015.07.29-21.22.36:822][967]LogModuleManager: Shutting down and abandoning module PakFile (1)
[2015.07.29-21.22.36:845][967]LogExit: Exiting.
[2015.07.29-21.22.36:849][967]Log file closed, 07/29/15 14:22:36
